{"D:\\Springboard\\Express Jobly\\app.js": {"path":"D:\\Springboard\\Express Jobly\\app.js","statementMap":{"0":{"start":{"line":3,"column":16},"end":{"line":3,"column":34}},"1":{"start":{"line":5,"column":21},"end":{"line":5,"column":54}},"2":{"start":{"line":7,"column":15},"end":{"line":7,"column":32}},"3":{"start":{"line":9,"column":12},"end":{"line":9,"column":21}},"4":{"start":{"line":11,"column":0},"end":{"line":11,"column":24}},"5":{"start":{"line":13,"column":0},"end":{"line":13,"column":29}},"6":{"start":{"line":16,"column":0},"end":{"line":16,"column":24}},"7":{"start":{"line":18,"column":22},"end":{"line":18,"column":51}},"8":{"start":{"line":19,"column":18},"end":{"line":19,"column":42}},"9":{"start":{"line":20,"column":19},"end":{"line":20,"column":44}},"10":{"start":{"line":21,"column":19},"end":{"line":21,"column":43}},"11":{"start":{"line":23,"column":0},"end":{"line":23,"column":37}},"12":{"start":{"line":24,"column":0},"end":{"line":24,"column":28}},"13":{"start":{"line":25,"column":0},"end":{"line":25,"column":30}},"14":{"start":{"line":26,"column":0},"end":{"line":26,"column":20}},"15":{"start":{"line":30,"column":0},"end":{"line":35,"column":3}},"16":{"start":{"line":31,"column":13},"end":{"line":31,"column":47}},"17":{"start":{"line":34,"column":1},"end":{"line":34,"column":18}},"18":{"start":{"line":39,"column":0},"end":{"line":48,"column":3}},"19":{"start":{"line":40,"column":1},"end":{"line":40,"column":31}},"20":{"start":{"line":42,"column":1},"end":{"line":47,"column":4}},"21":{"start":{"line":50,"column":0},"end":{"line":50,"column":21}}},"fnMap":{"0":{"name":"(anonymous_0)","decl":{"start":{"line":30,"column":8},"end":{"line":30,"column":9}},"loc":{"start":{"line":30,"column":33},"end":{"line":35,"column":1}},"line":30},"1":{"name":"(anonymous_1)","decl":{"start":{"line":39,"column":8},"end":{"line":39,"column":9}},"loc":{"start":{"line":39,"column":38},"end":{"line":48,"column":1}},"line":39}},"branchMap":{"0":{"loc":{"start":{"line":40,"column":12},"end":{"line":40,"column":29}},"type":"binary-expr","locations":[{"start":{"line":40,"column":12},"end":{"line":40,"column":22}},{"start":{"line":40,"column":26},"end":{"line":40,"column":29}}],"line":40}},"s":{"0":3,"1":3,"2":3,"3":3,"4":3,"5":3,"6":3,"7":3,"8":3,"9":3,"10":3,"11":3,"12":3,"13":3,"14":3,"15":3,"16":0,"17":0,"18":3,"19":3,"20":3,"21":3},"f":{"0":0,"1":3},"b":{"0":[3,0]},"_coverageSchema":"1a1c01bbd47fc00a2c39e90264f33305004495a9","hash":"0350d54b30a020dbeea3f83b2ab375821698a539"}
,"D:\\Springboard\\Express Jobly\\config.js": {"path":"D:\\Springboard\\Express Jobly\\config.js","statementMap":{"0":{"start":{"line":3,"column":0},"end":{"line":3,"column":27}},"1":{"start":{"line":5,"column":19},"end":{"line":5,"column":51}},"2":{"start":{"line":7,"column":13},"end":{"line":7,"column":38}},"3":{"start":{"line":9,"column":27},"end":{"line":9,"column":63}},"4":{"start":{"line":19,"column":0},"end":{"line":23,"column":1}},"5":{"start":{"line":20,"column":1},"end":{"line":20,"column":23}},"6":{"start":{"line":22,"column":1},"end":{"line":22,"column":46}},"7":{"start":{"line":25,"column":0},"end":{"line":30,"column":2}}},"fnMap":{},"branchMap":{"0":{"loc":{"start":{"line":5,"column":19},"end":{"line":5,"column":51}},"type":"binary-expr","locations":[{"start":{"line":5,"column":19},"end":{"line":5,"column":41}},{"start":{"line":5,"column":45},"end":{"line":5,"column":51}}],"line":5},"1":{"loc":{"start":{"line":7,"column":13},"end":{"line":7,"column":38}},"type":"binary-expr","locations":[{"start":{"line":7,"column":13},"end":{"line":7,"column":30}},{"start":{"line":7,"column":34},"end":{"line":7,"column":38}}],"line":7},"2":{"loc":{"start":{"line":9,"column":27},"end":{"line":9,"column":63}},"type":"binary-expr","locations":[{"start":{"line":9,"column":27},"end":{"line":9,"column":57}},{"start":{"line":9,"column":61},"end":{"line":9,"column":63}}],"line":9},"3":{"loc":{"start":{"line":19,"column":0},"end":{"line":23,"column":1}},"type":"if","locations":[{"start":{"line":19,"column":0},"end":{"line":23,"column":1}},{"start":{"line":19,"column":0},"end":{"line":23,"column":1}}],"line":19},"4":{"loc":{"start":{"line":22,"column":10},"end":{"line":22,"column":45}},"type":"binary-expr","locations":[{"start":{"line":22,"column":10},"end":{"line":22,"column":34}},{"start":{"line":22,"column":38},"end":{"line":22,"column":45}}],"line":22}},"s":{"0":3,"1":3,"2":3,"3":3,"4":3,"5":3,"6":0,"7":3},"f":{},"b":{"0":[3,3],"1":[3,3],"2":[3,3],"3":[3,0],"4":[0,0]},"_coverageSchema":"1a1c01bbd47fc00a2c39e90264f33305004495a9","hash":"192c88af8d13386b6f46e59035b9bd1caa03dff3"}
,"D:\\Springboard\\Express Jobly\\db.js": {"path":"D:\\Springboard\\Express Jobly\\db.js","statementMap":{"0":{"start":{"line":3,"column":19},"end":{"line":3,"column":32}},"1":{"start":{"line":4,"column":19},"end":{"line":4,"column":38}},"2":{"start":{"line":6,"column":11},"end":{"line":8,"column":2}},"3":{"start":{"line":10,"column":0},"end":{"line":10,"column":13}},"4":{"start":{"line":12,"column":0},"end":{"line":12,"column":20}}},"fnMap":{},"branchMap":{},"s":{"0":3,"1":3,"2":3,"3":3,"4":3},"f":{},"b":{},"_coverageSchema":"1a1c01bbd47fc00a2c39e90264f33305004495a9","hash":"74b77c1aab18a01cf7c7f3ec5f772dbc91f5e01e"}
,"D:\\Springboard\\Express Jobly\\helpers\\expressError.js": {"path":"D:\\Springboard\\Express Jobly\\helpers\\expressError.js","statementMap":{"0":{"start":{"line":11,"column":4},"end":{"line":11,"column":12}},"1":{"start":{"line":12,"column":4},"end":{"line":12,"column":27}},"2":{"start":{"line":13,"column":4},"end":{"line":13,"column":25}},"3":{"start":{"line":14,"column":4},"end":{"line":14,"column":30}},"4":{"start":{"line":18,"column":0},"end":{"line":18,"column":30}}},"fnMap":{"0":{"name":"(anonymous_0)","decl":{"start":{"line":10,"column":2},"end":{"line":10,"column":3}},"loc":{"start":{"line":10,"column":31},"end":{"line":15,"column":3}},"line":10}},"branchMap":{},"s":{"0":17,"1":17,"2":17,"3":17,"4":3},"f":{"0":17},"b":{},"_coverageSchema":"1a1c01bbd47fc00a2c39e90264f33305004495a9","hash":"9e42fd973cad8d9fea3cb5af88fe2287612e60a5"}
,"D:\\Springboard\\Express Jobly\\helpers\\partialUpdate.js": {"path":"D:\\Springboard\\Express Jobly\\helpers\\partialUpdate.js","statementMap":{"0":{"start":{"line":19,"column":11},"end":{"line":19,"column":12}},"1":{"start":{"line":20,"column":15},"end":{"line":20,"column":17}},"2":{"start":{"line":23,"column":1},"end":{"line":27,"column":2}},"3":{"start":{"line":24,"column":2},"end":{"line":26,"column":3}},"4":{"start":{"line":25,"column":3},"end":{"line":25,"column":21}},"5":{"start":{"line":29,"column":1},"end":{"line":32,"column":2}},"6":{"start":{"line":30,"column":2},"end":{"line":30,"column":36}},"7":{"start":{"line":31,"column":2},"end":{"line":31,"column":11}},"8":{"start":{"line":35,"column":12},"end":{"line":35,"column":30}},"9":{"start":{"line":36,"column":13},"end":{"line":36,"column":75}},"10":{"start":{"line":38,"column":14},"end":{"line":38,"column":34}},"11":{"start":{"line":39,"column":1},"end":{"line":39,"column":17}},"12":{"start":{"line":41,"column":1},"end":{"line":41,"column":26}},"13":{"start":{"line":44,"column":0},"end":{"line":44,"column":37}}},"fnMap":{"0":{"name":"sqlForPartialUpdate","decl":{"start":{"line":15,"column":9},"end":{"line":15,"column":28}},"loc":{"start":{"line":15,"column":52},"end":{"line":42,"column":1}},"line":15}},"branchMap":{"0":{"loc":{"start":{"line":24,"column":2},"end":{"line":26,"column":3}},"type":"if","locations":[{"start":{"line":24,"column":2},"end":{"line":26,"column":3}},{"start":{"line":24,"column":2},"end":{"line":26,"column":3}}],"line":24}},"s":{"0":4,"1":4,"2":4,"3":11,"4":3,"5":4,"6":8,"7":8,"8":4,"9":4,"10":4,"11":4,"12":4,"13":4},"f":{"0":4},"b":{"0":[3,8]},"_coverageSchema":"1a1c01bbd47fc00a2c39e90264f33305004495a9","hash":"860e88357c4cb52439af9d1e02290034fe6a35ac"}
,"D:\\Springboard\\Express Jobly\\helpers\\token.js": {"path":"D:\\Springboard\\Express Jobly\\helpers\\token.js","statementMap":{"0":{"start":{"line":1,"column":12},"end":{"line":1,"column":35}},"1":{"start":{"line":2,"column":23},"end":{"line":2,"column":43}},"2":{"start":{"line":5,"column":15},"end":{"line":8,"column":2}},"3":{"start":{"line":10,"column":1},"end":{"line":10,"column":38}},"4":{"start":{"line":13,"column":0},"end":{"line":13,"column":31}}},"fnMap":{"0":{"name":"makeToken","decl":{"start":{"line":4,"column":9},"end":{"line":4,"column":18}},"loc":{"start":{"line":4,"column":25},"end":{"line":11,"column":1}},"line":4}},"branchMap":{},"s":{"0":3,"1":3,"2":4,"3":4,"4":3},"f":{"0":4},"b":{},"_coverageSchema":"1a1c01bbd47fc00a2c39e90264f33305004495a9","hash":"c7d8199f63bd83ba0bdb9b81feec7a546a85fd6f"}
,"D:\\Springboard\\Express Jobly\\middleware\\auth.js": {"path":"D:\\Springboard\\Express Jobly\\middleware\\auth.js","statementMap":{"0":{"start":{"line":1,"column":13},"end":{"line":1,"column":38}},"1":{"start":{"line":2,"column":21},"end":{"line":2,"column":55}},"2":{"start":{"line":3,"column":23},"end":{"line":3,"column":43}},"3":{"start":{"line":4,"column":12},"end":{"line":4,"column":35}},"4":{"start":{"line":7,"column":1},"end":{"line":12,"column":2}},"5":{"start":{"line":8,"column":2},"end":{"line":11,"column":4}},"6":{"start":{"line":14,"column":23},"end":{"line":14,"column":58}},"7":{"start":{"line":16,"column":1},"end":{"line":21,"column":2}},"8":{"start":{"line":17,"column":2},"end":{"line":17,"column":48}},"9":{"start":{"line":18,"column":2},"end":{"line":18,"column":15}},"10":{"start":{"line":20,"column":2},"end":{"line":20,"column":72}},"11":{"start":{"line":25,"column":1},"end":{"line":36,"column":2}},"12":{"start":{"line":26,"column":2},"end":{"line":32,"column":3}},"13":{"start":{"line":27,"column":3},"end":{"line":27,"column":88}},"14":{"start":{"line":29,"column":16},"end":{"line":29,"column":49}},"15":{"start":{"line":30,"column":3},"end":{"line":30,"column":26}},"16":{"start":{"line":31,"column":3},"end":{"line":31,"column":10}},"17":{"start":{"line":34,"column":2},"end":{"line":34,"column":23}},"18":{"start":{"line":35,"column":2},"end":{"line":35,"column":21}},"19":{"start":{"line":40,"column":1},"end":{"line":60,"column":2}},"20":{"start":{"line":41,"column":2},"end":{"line":46,"column":3}},"21":{"start":{"line":42,"column":3},"end":{"line":45,"column":5}},"22":{"start":{"line":48,"column":24},"end":{"line":48,"column":59}},"23":{"start":{"line":50,"column":2},"end":{"line":54,"column":3}},"24":{"start":{"line":51,"column":3},"end":{"line":51,"column":49}},"25":{"start":{"line":53,"column":3},"end":{"line":53,"column":73}},"26":{"start":{"line":56,"column":2},"end":{"line":56,"column":39}},"27":{"start":{"line":57,"column":2},"end":{"line":57,"column":16}},"28":{"start":{"line":59,"column":2},"end":{"line":59,"column":21}},"29":{"start":{"line":64,"column":1},"end":{"line":74,"column":2}},"30":{"start":{"line":65,"column":16},"end":{"line":65,"column":34}},"31":{"start":{"line":66,"column":2},"end":{"line":66,"column":39}},"32":{"start":{"line":67,"column":2},"end":{"line":71,"column":3}},"33":{"start":{"line":68,"column":3},"end":{"line":68,"column":17}},"34":{"start":{"line":70,"column":3},"end":{"line":70,"column":63}},"35":{"start":{"line":73,"column":2},"end":{"line":73,"column":21}},"36":{"start":{"line":78,"column":1},"end":{"line":88,"column":2}},"37":{"start":{"line":79,"column":16},"end":{"line":79,"column":34}},"38":{"start":{"line":80,"column":2},"end":{"line":80,"column":39}},"39":{"start":{"line":81,"column":2},"end":{"line":85,"column":3}},"40":{"start":{"line":82,"column":3},"end":{"line":82,"column":17}},"41":{"start":{"line":84,"column":3},"end":{"line":84,"column":78}},"42":{"start":{"line":87,"column":2},"end":{"line":87,"column":21}},"43":{"start":{"line":91,"column":0},"end":{"line":91,"column":77}}},"fnMap":{"0":{"name":"checkForToken","decl":{"start":{"line":6,"column":9},"end":{"line":6,"column":22}},"loc":{"start":{"line":6,"column":28},"end":{"line":22,"column":1}},"line":6},"1":{"name":"authUser","decl":{"start":{"line":24,"column":15},"end":{"line":24,"column":23}},"loc":{"start":{"line":24,"column":40},"end":{"line":37,"column":1}},"line":24},"2":{"name":"authRequired","decl":{"start":{"line":39,"column":9},"end":{"line":39,"column":21}},"loc":{"start":{"line":39,"column":38},"end":{"line":61,"column":1}},"line":39},"3":{"name":"checkCorrectUser","decl":{"start":{"line":63,"column":9},"end":{"line":63,"column":25}},"loc":{"start":{"line":63,"column":42},"end":{"line":75,"column":1}},"line":63},"4":{"name":"adminRequired","decl":{"start":{"line":77,"column":9},"end":{"line":77,"column":22}},"loc":{"start":{"line":77,"column":39},"end":{"line":89,"column":1}},"line":77}},"branchMap":{"0":{"loc":{"start":{"line":7,"column":1},"end":{"line":12,"column":2}},"type":"if","locations":[{"start":{"line":7,"column":1},"end":{"line":12,"column":2}},{"start":{"line":7,"column":1},"end":{"line":12,"column":2}}],"line":7},"1":{"loc":{"start":{"line":7,"column":5},"end":{"line":7,"column":42}},"type":"binary-expr","locations":[{"start":{"line":7,"column":5},"end":{"line":7,"column":21}},{"start":{"line":7,"column":25},"end":{"line":7,"column":42}}],"line":7},"2":{"loc":{"start":{"line":14,"column":23},"end":{"line":14,"column":58}},"type":"binary-expr","locations":[{"start":{"line":14,"column":23},"end":{"line":14,"column":38}},{"start":{"line":14,"column":42},"end":{"line":14,"column":58}}],"line":14},"3":{"loc":{"start":{"line":26,"column":2},"end":{"line":32,"column":3}},"type":"if","locations":[{"start":{"line":26,"column":2},"end":{"line":32,"column":3}},{"start":{"line":26,"column":2},"end":{"line":32,"column":3}}],"line":26},"4":{"loc":{"start":{"line":26,"column":6},"end":{"line":26,"column":46}},"type":"binary-expr","locations":[{"start":{"line":26,"column":6},"end":{"line":26,"column":24}},{"start":{"line":26,"column":28},"end":{"line":26,"column":46}}],"line":26},"5":{"loc":{"start":{"line":41,"column":2},"end":{"line":46,"column":3}},"type":"if","locations":[{"start":{"line":41,"column":2},"end":{"line":46,"column":3}},{"start":{"line":41,"column":2},"end":{"line":46,"column":3}}],"line":41},"6":{"loc":{"start":{"line":41,"column":6},"end":{"line":41,"column":43}},"type":"binary-expr","locations":[{"start":{"line":41,"column":6},"end":{"line":41,"column":22}},{"start":{"line":41,"column":26},"end":{"line":41,"column":43}}],"line":41},"7":{"loc":{"start":{"line":48,"column":24},"end":{"line":48,"column":59}},"type":"binary-expr","locations":[{"start":{"line":48,"column":24},"end":{"line":48,"column":39}},{"start":{"line":48,"column":43},"end":{"line":48,"column":59}}],"line":48},"8":{"loc":{"start":{"line":67,"column":2},"end":{"line":71,"column":3}},"type":"if","locations":[{"start":{"line":67,"column":2},"end":{"line":71,"column":3}},{"start":{"line":67,"column":2},"end":{"line":71,"column":3}}],"line":67},"9":{"loc":{"start":{"line":81,"column":2},"end":{"line":85,"column":3}},"type":"if","locations":[{"start":{"line":81,"column":2},"end":{"line":85,"column":3}},{"start":{"line":81,"column":2},"end":{"line":85,"column":3}}],"line":81}},"s":{"0":3,"1":3,"2":3,"3":3,"4":18,"5":0,"6":18,"7":18,"8":18,"9":18,"10":0,"11":3,"12":3,"13":0,"14":3,"15":3,"16":3,"17":0,"18":0,"19":5,"20":5,"21":0,"22":5,"23":5,"24":5,"25":0,"26":5,"27":5,"28":0,"29":4,"30":4,"31":4,"32":4,"33":4,"34":0,"35":0,"36":14,"37":14,"38":14,"39":14,"40":14,"41":0,"42":0,"43":3},"f":{"0":18,"1":3,"2":5,"3":4,"4":14},"b":{"0":[0,18],"1":[18,0],"2":[18,0],"3":[0,3],"4":[3,3],"5":[0,5],"6":[5,0],"7":[5,0],"8":[4,0],"9":[14,0]},"_coverageSchema":"1a1c01bbd47fc00a2c39e90264f33305004495a9","hash":"4c554b67970f6eff37b21b1814c7f0e552f0b4db"}
,"D:\\Springboard\\Express Jobly\\middleware\\company.js": {"path":"D:\\Springboard\\Express Jobly\\middleware\\company.js","statementMap":{"0":{"start":{"line":1,"column":21},"end":{"line":1,"column":55}},"1":{"start":{"line":2,"column":16},"end":{"line":2,"column":44}},"2":{"start":{"line":3,"column":19},"end":{"line":3,"column":40}},"3":{"start":{"line":4,"column":22},"end":{"line":4,"column":71}},"4":{"start":{"line":5,"column":28},"end":{"line":5,"column":83}},"5":{"start":{"line":6,"column":18},"end":{"line":6,"column":38}},"6":{"start":{"line":9,"column":1},"end":{"line":25,"column":2}},"7":{"start":{"line":10,"column":2},"end":{"line":22,"column":3}},"8":{"start":{"line":11,"column":3},"end":{"line":11,"column":53}},"9":{"start":{"line":13,"column":22},"end":{"line":13,"column":32}},"10":{"start":{"line":14,"column":19},"end":{"line":14,"column":44}},"11":{"start":{"line":16,"column":3},"end":{"line":21,"column":4}},"12":{"start":{"line":17,"column":4},"end":{"line":17,"column":75}},"13":{"start":{"line":19,"column":4},"end":{"line":19,"column":33}},"14":{"start":{"line":20,"column":4},"end":{"line":20,"column":11}},"15":{"start":{"line":24,"column":2},"end":{"line":24,"column":21}},"16":{"start":{"line":31,"column":1},"end":{"line":35,"column":2}},"17":{"start":{"line":32,"column":2},"end":{"line":32,"column":62}},"18":{"start":{"line":33,"column":8},"end":{"line":35,"column":2}},"19":{"start":{"line":34,"column":2},"end":{"line":34,"column":56}},"20":{"start":{"line":37,"column":17},"end":{"line":37,"column":19}},"21":{"start":{"line":39,"column":1},"end":{"line":43,"column":2}},"22":{"start":{"line":40,"column":2},"end":{"line":42,"column":5}},"23":{"start":{"line":41,"column":3},"end":{"line":41,"column":54}},"24":{"start":{"line":45,"column":1},"end":{"line":49,"column":2}},"25":{"start":{"line":46,"column":2},"end":{"line":48,"column":3}},"26":{"start":{"line":47,"column":3},"end":{"line":47,"column":73}},"27":{"start":{"line":51,"column":1},"end":{"line":55,"column":2}},"28":{"start":{"line":52,"column":2},"end":{"line":52,"column":53}},"29":{"start":{"line":54,"column":2},"end":{"line":54,"column":9}},"30":{"start":{"line":59,"column":1},"end":{"line":61,"column":2}},"31":{"start":{"line":60,"column":2},"end":{"line":60,"column":16}},"32":{"start":{"line":63,"column":1},"end":{"line":69,"column":2}},"33":{"start":{"line":64,"column":2},"end":{"line":68,"column":3}},"34":{"start":{"line":65,"column":3},"end":{"line":67,"column":6}},"35":{"start":{"line":71,"column":1},"end":{"line":71,"column":8}},"36":{"start":{"line":74,"column":0},"end":{"line":74,"column":67}}},"fnMap":{"0":{"name":"checkForHandle","decl":{"start":{"line":8,"column":15},"end":{"line":8,"column":29}},"loc":{"start":{"line":8,"column":46},"end":{"line":26,"column":1}},"line":8},"1":{"name":"validateSchema","decl":{"start":{"line":28,"column":9},"end":{"line":28,"column":23}},"loc":{"start":{"line":28,"column":40},"end":{"line":56,"column":1}},"line":28},"2":{"name":"(anonymous_2)","decl":{"start":{"line":40,"column":20},"end":{"line":40,"column":21}},"loc":{"start":{"line":40,"column":31},"end":{"line":42,"column":3}},"line":40},"3":{"name":"checkForQuery","decl":{"start":{"line":58,"column":15},"end":{"line":58,"column":28}},"loc":{"start":{"line":58,"column":45},"end":{"line":72,"column":1}},"line":58}},"branchMap":{"0":{"loc":{"start":{"line":10,"column":2},"end":{"line":22,"column":3}},"type":"if","locations":[{"start":{"line":10,"column":2},"end":{"line":22,"column":3}},{"start":{"line":10,"column":2},"end":{"line":22,"column":3}}],"line":10},"1":{"loc":{"start":{"line":16,"column":3},"end":{"line":21,"column":4}},"type":"if","locations":[{"start":{"line":16,"column":3},"end":{"line":21,"column":4}},{"start":{"line":16,"column":3},"end":{"line":21,"column":4}}],"line":16},"2":{"loc":{"start":{"line":31,"column":1},"end":{"line":35,"column":2}},"type":"if","locations":[{"start":{"line":31,"column":1},"end":{"line":35,"column":2}},{"start":{"line":31,"column":1},"end":{"line":35,"column":2}}],"line":31},"3":{"loc":{"start":{"line":33,"column":8},"end":{"line":35,"column":2}},"type":"if","locations":[{"start":{"line":33,"column":8},"end":{"line":35,"column":2}},{"start":{"line":33,"column":8},"end":{"line":35,"column":2}}],"line":33},"4":{"loc":{"start":{"line":39,"column":1},"end":{"line":43,"column":2}},"type":"if","locations":[{"start":{"line":39,"column":1},"end":{"line":43,"column":2}},{"start":{"line":39,"column":1},"end":{"line":43,"column":2}}],"line":39},"5":{"loc":{"start":{"line":45,"column":1},"end":{"line":49,"column":2}},"type":"if","locations":[{"start":{"line":45,"column":1},"end":{"line":49,"column":2}},{"start":{"line":45,"column":1},"end":{"line":49,"column":2}}],"line":45},"6":{"loc":{"start":{"line":46,"column":2},"end":{"line":48,"column":3}},"type":"if","locations":[{"start":{"line":46,"column":2},"end":{"line":48,"column":3}},{"start":{"line":46,"column":2},"end":{"line":48,"column":3}}],"line":46},"7":{"loc":{"start":{"line":51,"column":1},"end":{"line":55,"column":2}},"type":"if","locations":[{"start":{"line":51,"column":1},"end":{"line":55,"column":2}},{"start":{"line":51,"column":1},"end":{"line":55,"column":2}}],"line":51},"8":{"loc":{"start":{"line":59,"column":1},"end":{"line":61,"column":2}},"type":"if","locations":[{"start":{"line":59,"column":1},"end":{"line":61,"column":2}},{"start":{"line":59,"column":1},"end":{"line":61,"column":2}}],"line":59},"9":{"loc":{"start":{"line":63,"column":1},"end":{"line":69,"column":2}},"type":"if","locations":[{"start":{"line":63,"column":1},"end":{"line":69,"column":2}},{"start":{"line":63,"column":1},"end":{"line":69,"column":2}}],"line":63},"10":{"loc":{"start":{"line":63,"column":5},"end":{"line":63,"column":55}},"type":"binary-expr","locations":[{"start":{"line":63,"column":5},"end":{"line":63,"column":28}},{"start":{"line":63,"column":32},"end":{"line":63,"column":55}}],"line":63},"11":{"loc":{"start":{"line":64,"column":2},"end":{"line":68,"column":3}},"type":"if","locations":[{"start":{"line":64,"column":2},"end":{"line":68,"column":3}},{"start":{"line":64,"column":2},"end":{"line":68,"column":3}}],"line":64}},"s":{"0":3,"1":3,"2":3,"3":3,"4":3,"5":3,"6":4,"7":4,"8":0,"9":4,"10":4,"11":3,"12":0,"13":3,"14":3,"15":1,"16":6,"17":3,"18":3,"19":3,"20":6,"21":6,"22":2,"23":2,"24":6,"25":5,"26":2,"27":6,"28":4,"29":2,"30":1,"31":0,"32":1,"33":0,"34":0,"35":1,"36":3},"f":{"0":4,"1":6,"2":2,"3":1},"b":{"0":[0,4],"1":[0,3],"2":[3,3],"3":[3,0],"4":[2,4],"5":[5,1],"6":[2,3],"7":[4,2],"8":[0,1],"9":[0,1],"10":[1,0],"11":[0,0]},"_coverageSchema":"1a1c01bbd47fc00a2c39e90264f33305004495a9","hash":"b844a7379bc699375ba05792a0b3ab7baac36e85"}
,"D:\\Springboard\\Express Jobly\\middleware\\job.js": {"path":"D:\\Springboard\\Express Jobly\\middleware\\job.js","statementMap":{"0":{"start":{"line":1,"column":21},"end":{"line":1,"column":55}},"1":{"start":{"line":2,"column":12},"end":{"line":2,"column":36}},"2":{"start":{"line":3,"column":19},"end":{"line":3,"column":40}},"3":{"start":{"line":4,"column":18},"end":{"line":4,"column":63}},"4":{"start":{"line":5,"column":24},"end":{"line":5,"column":75}},"5":{"start":{"line":8,"column":1},"end":{"line":25,"column":2}},"6":{"start":{"line":9,"column":2},"end":{"line":21,"column":3}},"7":{"start":{"line":10,"column":3},"end":{"line":10,"column":53}},"8":{"start":{"line":12,"column":18},"end":{"line":12,"column":28}},"9":{"start":{"line":13,"column":15},"end":{"line":13,"column":32}},"10":{"start":{"line":15,"column":3},"end":{"line":20,"column":4}},"11":{"start":{"line":16,"column":4},"end":{"line":16,"column":63}},"12":{"start":{"line":18,"column":4},"end":{"line":18,"column":25}},"13":{"start":{"line":19,"column":4},"end":{"line":19,"column":11}},"14":{"start":{"line":23,"column":2},"end":{"line":23,"column":23}},"15":{"start":{"line":24,"column":2},"end":{"line":24,"column":21}},"16":{"start":{"line":31,"column":1},"end":{"line":35,"column":2}},"17":{"start":{"line":32,"column":2},"end":{"line":32,"column":58}},"18":{"start":{"line":33,"column":8},"end":{"line":35,"column":2}},"19":{"start":{"line":34,"column":2},"end":{"line":34,"column":52}},"20":{"start":{"line":37,"column":1},"end":{"line":39,"column":2}},"21":{"start":{"line":38,"column":2},"end":{"line":38,"column":108}},"22":{"start":{"line":38,"column":86},"end":{"line":38,"column":97}},"23":{"start":{"line":41,"column":1},"end":{"line":41,"column":8}},"24":{"start":{"line":45,"column":1},"end":{"line":47,"column":2}},"25":{"start":{"line":46,"column":2},"end":{"line":46,"column":16}},"26":{"start":{"line":49,"column":17},"end":{"line":49,"column":19}},"27":{"start":{"line":51,"column":1},"end":{"line":55,"column":2}},"28":{"start":{"line":52,"column":2},"end":{"line":54,"column":3}},"29":{"start":{"line":53,"column":3},"end":{"line":53,"column":99}},"30":{"start":{"line":57,"column":1},"end":{"line":61,"column":2}},"31":{"start":{"line":58,"column":2},"end":{"line":60,"column":3}},"32":{"start":{"line":59,"column":3},"end":{"line":59,"column":101}},"33":{"start":{"line":63,"column":1},"end":{"line":65,"column":2}},"34":{"start":{"line":64,"column":2},"end":{"line":64,"column":53}},"35":{"start":{"line":67,"column":1},"end":{"line":67,"column":8}},"36":{"start":{"line":70,"column":0},"end":{"line":70,"column":63}}},"fnMap":{"0":{"name":"checkForID","decl":{"start":{"line":7,"column":15},"end":{"line":7,"column":25}},"loc":{"start":{"line":7,"column":42},"end":{"line":26,"column":1}},"line":7},"1":{"name":"validateSchema","decl":{"start":{"line":28,"column":9},"end":{"line":28,"column":23}},"loc":{"start":{"line":28,"column":40},"end":{"line":42,"column":1}},"line":28},"2":{"name":"(anonymous_2)","decl":{"start":{"line":38,"column":75},"end":{"line":38,"column":76}},"loc":{"start":{"line":38,"column":86},"end":{"line":38,"column":97}},"line":38},"3":{"name":"checkForQuery","decl":{"start":{"line":44,"column":15},"end":{"line":44,"column":28}},"loc":{"start":{"line":44,"column":45},"end":{"line":68,"column":1}},"line":44}},"branchMap":{"0":{"loc":{"start":{"line":9,"column":2},"end":{"line":21,"column":3}},"type":"if","locations":[{"start":{"line":9,"column":2},"end":{"line":21,"column":3}},{"start":{"line":9,"column":2},"end":{"line":21,"column":3}}],"line":9},"1":{"loc":{"start":{"line":15,"column":3},"end":{"line":20,"column":4}},"type":"if","locations":[{"start":{"line":15,"column":3},"end":{"line":20,"column":4}},{"start":{"line":15,"column":3},"end":{"line":20,"column":4}}],"line":15},"2":{"loc":{"start":{"line":31,"column":1},"end":{"line":35,"column":2}},"type":"if","locations":[{"start":{"line":31,"column":1},"end":{"line":35,"column":2}},{"start":{"line":31,"column":1},"end":{"line":35,"column":2}}],"line":31},"3":{"loc":{"start":{"line":33,"column":8},"end":{"line":35,"column":2}},"type":"if","locations":[{"start":{"line":33,"column":8},"end":{"line":35,"column":2}},{"start":{"line":33,"column":8},"end":{"line":35,"column":2}}],"line":33},"4":{"loc":{"start":{"line":37,"column":1},"end":{"line":39,"column":2}},"type":"if","locations":[{"start":{"line":37,"column":1},"end":{"line":39,"column":2}},{"start":{"line":37,"column":1},"end":{"line":39,"column":2}}],"line":37},"5":{"loc":{"start":{"line":45,"column":1},"end":{"line":47,"column":2}},"type":"if","locations":[{"start":{"line":45,"column":1},"end":{"line":47,"column":2}},{"start":{"line":45,"column":1},"end":{"line":47,"column":2}}],"line":45},"6":{"loc":{"start":{"line":51,"column":1},"end":{"line":55,"column":2}},"type":"if","locations":[{"start":{"line":51,"column":1},"end":{"line":55,"column":2}},{"start":{"line":51,"column":1},"end":{"line":55,"column":2}}],"line":51},"7":{"loc":{"start":{"line":52,"column":2},"end":{"line":54,"column":3}},"type":"if","locations":[{"start":{"line":52,"column":2},"end":{"line":54,"column":3}},{"start":{"line":52,"column":2},"end":{"line":54,"column":3}}],"line":52},"8":{"loc":{"start":{"line":57,"column":1},"end":{"line":61,"column":2}},"type":"if","locations":[{"start":{"line":57,"column":1},"end":{"line":61,"column":2}},{"start":{"line":57,"column":1},"end":{"line":61,"column":2}}],"line":57},"9":{"loc":{"start":{"line":58,"column":2},"end":{"line":60,"column":3}},"type":"if","locations":[{"start":{"line":58,"column":2},"end":{"line":60,"column":3}},{"start":{"line":58,"column":2},"end":{"line":60,"column":3}}],"line":58},"10":{"loc":{"start":{"line":58,"column":6},"end":{"line":58,"column":62}},"type":"binary-expr","locations":[{"start":{"line":58,"column":6},"end":{"line":58,"column":31}},{"start":{"line":58,"column":35},"end":{"line":58,"column":62}}],"line":58},"11":{"loc":{"start":{"line":63,"column":1},"end":{"line":65,"column":2}},"type":"if","locations":[{"start":{"line":63,"column":1},"end":{"line":65,"column":2}},{"start":{"line":63,"column":1},"end":{"line":65,"column":2}}],"line":63}},"s":{"0":3,"1":3,"2":3,"3":3,"4":3,"5":4,"6":4,"7":0,"8":4,"9":4,"10":3,"11":0,"12":3,"13":3,"14":1,"15":1,"16":6,"17":3,"18":3,"19":3,"20":6,"21":4,"22":4,"23":2,"24":1,"25":0,"26":1,"27":1,"28":0,"29":0,"30":1,"31":0,"32":0,"33":1,"34":0,"35":1,"36":3},"f":{"0":4,"1":6,"2":4,"3":1},"b":{"0":[0,4],"1":[0,3],"2":[3,3],"3":[3,0],"4":[4,2],"5":[0,1],"6":[0,1],"7":[0,0],"8":[0,1],"9":[0,0],"10":[0,0],"11":[0,1]},"_coverageSchema":"1a1c01bbd47fc00a2c39e90264f33305004495a9","hash":"b1cca7aeb7458eb510777cedb5001633209b217e"}
,"D:\\Springboard\\Express Jobly\\middleware\\user.js": {"path":"D:\\Springboard\\Express Jobly\\middleware\\user.js","statementMap":{"0":{"start":{"line":1,"column":21},"end":{"line":1,"column":55}},"1":{"start":{"line":2,"column":13},"end":{"line":2,"column":38}},"2":{"start":{"line":3,"column":19},"end":{"line":3,"column":40}},"3":{"start":{"line":4,"column":19},"end":{"line":4,"column":65}},"4":{"start":{"line":5,"column":25},"end":{"line":5,"column":77}},"5":{"start":{"line":6,"column":18},"end":{"line":6,"column":38}},"6":{"start":{"line":9,"column":1},"end":{"line":26,"column":2}},"7":{"start":{"line":10,"column":2},"end":{"line":22,"column":3}},"8":{"start":{"line":11,"column":3},"end":{"line":11,"column":53}},"9":{"start":{"line":13,"column":24},"end":{"line":13,"column":34}},"10":{"start":{"line":14,"column":16},"end":{"line":14,"column":40}},"11":{"start":{"line":16,"column":3},"end":{"line":21,"column":4}},"12":{"start":{"line":17,"column":4},"end":{"line":17,"column":76}},"13":{"start":{"line":19,"column":4},"end":{"line":19,"column":27}},"14":{"start":{"line":20,"column":4},"end":{"line":20,"column":11}},"15":{"start":{"line":24,"column":2},"end":{"line":24,"column":23}},"16":{"start":{"line":25,"column":2},"end":{"line":25,"column":21}},"17":{"start":{"line":32,"column":1},"end":{"line":36,"column":2}},"18":{"start":{"line":33,"column":2},"end":{"line":33,"column":59}},"19":{"start":{"line":34,"column":8},"end":{"line":36,"column":2}},"20":{"start":{"line":35,"column":2},"end":{"line":35,"column":53}},"21":{"start":{"line":38,"column":17},"end":{"line":38,"column":19}},"22":{"start":{"line":40,"column":1},"end":{"line":44,"column":2}},"23":{"start":{"line":41,"column":2},"end":{"line":43,"column":5}},"24":{"start":{"line":42,"column":3},"end":{"line":42,"column":54}},"25":{"start":{"line":46,"column":1},"end":{"line":50,"column":2}},"26":{"start":{"line":47,"column":2},"end":{"line":49,"column":3}},"27":{"start":{"line":48,"column":3},"end":{"line":48,"column":72}},"28":{"start":{"line":52,"column":1},"end":{"line":56,"column":2}},"29":{"start":{"line":53,"column":2},"end":{"line":55,"column":3}},"30":{"start":{"line":54,"column":3},"end":{"line":54,"column":74}},"31":{"start":{"line":58,"column":1},"end":{"line":62,"column":2}},"32":{"start":{"line":59,"column":2},"end":{"line":59,"column":53}},"33":{"start":{"line":61,"column":2},"end":{"line":61,"column":9}},"34":{"start":{"line":65,"column":0},"end":{"line":65,"column":54}}},"fnMap":{"0":{"name":"checkForUsername","decl":{"start":{"line":8,"column":15},"end":{"line":8,"column":31}},"loc":{"start":{"line":8,"column":48},"end":{"line":27,"column":1}},"line":8},"1":{"name":"validateSchema","decl":{"start":{"line":29,"column":9},"end":{"line":29,"column":23}},"loc":{"start":{"line":29,"column":40},"end":{"line":63,"column":1}},"line":29},"2":{"name":"(anonymous_2)","decl":{"start":{"line":41,"column":20},"end":{"line":41,"column":21}},"loc":{"start":{"line":41,"column":31},"end":{"line":43,"column":3}},"line":41}},"branchMap":{"0":{"loc":{"start":{"line":10,"column":2},"end":{"line":22,"column":3}},"type":"if","locations":[{"start":{"line":10,"column":2},"end":{"line":22,"column":3}},{"start":{"line":10,"column":2},"end":{"line":22,"column":3}}],"line":10},"1":{"loc":{"start":{"line":16,"column":3},"end":{"line":21,"column":4}},"type":"if","locations":[{"start":{"line":16,"column":3},"end":{"line":21,"column":4}},{"start":{"line":16,"column":3},"end":{"line":21,"column":4}}],"line":16},"2":{"loc":{"start":{"line":32,"column":1},"end":{"line":36,"column":2}},"type":"if","locations":[{"start":{"line":32,"column":1},"end":{"line":36,"column":2}},{"start":{"line":32,"column":1},"end":{"line":36,"column":2}}],"line":32},"3":{"loc":{"start":{"line":34,"column":8},"end":{"line":36,"column":2}},"type":"if","locations":[{"start":{"line":34,"column":8},"end":{"line":36,"column":2}},{"start":{"line":34,"column":8},"end":{"line":36,"column":2}}],"line":34},"4":{"loc":{"start":{"line":40,"column":1},"end":{"line":44,"column":2}},"type":"if","locations":[{"start":{"line":40,"column":1},"end":{"line":44,"column":2}},{"start":{"line":40,"column":1},"end":{"line":44,"column":2}}],"line":40},"5":{"loc":{"start":{"line":46,"column":1},"end":{"line":50,"column":2}},"type":"if","locations":[{"start":{"line":46,"column":1},"end":{"line":50,"column":2}},{"start":{"line":46,"column":1},"end":{"line":50,"column":2}}],"line":46},"6":{"loc":{"start":{"line":47,"column":2},"end":{"line":49,"column":3}},"type":"if","locations":[{"start":{"line":47,"column":2},"end":{"line":49,"column":3}},{"start":{"line":47,"column":2},"end":{"line":49,"column":3}}],"line":47},"7":{"loc":{"start":{"line":52,"column":1},"end":{"line":56,"column":2}},"type":"if","locations":[{"start":{"line":52,"column":1},"end":{"line":56,"column":2}},{"start":{"line":52,"column":1},"end":{"line":56,"column":2}}],"line":52},"8":{"loc":{"start":{"line":53,"column":2},"end":{"line":55,"column":3}},"type":"if","locations":[{"start":{"line":53,"column":2},"end":{"line":55,"column":3}},{"start":{"line":53,"column":2},"end":{"line":55,"column":3}}],"line":53},"9":{"loc":{"start":{"line":58,"column":1},"end":{"line":62,"column":2}},"type":"if","locations":[{"start":{"line":58,"column":1},"end":{"line":62,"column":2}},{"start":{"line":58,"column":1},"end":{"line":62,"column":2}}],"line":58}},"s":{"0":3,"1":3,"2":3,"3":3,"4":3,"5":3,"6":4,"7":4,"8":0,"9":4,"10":4,"11":3,"12":0,"13":3,"14":3,"15":1,"16":1,"17":6,"18":3,"19":3,"20":3,"21":6,"22":6,"23":3,"24":3,"25":6,"26":3,"27":1,"28":6,"29":2,"30":2,"31":6,"32":4,"33":2,"34":3},"f":{"0":4,"1":6,"2":3},"b":{"0":[0,4],"1":[0,3],"2":[3,3],"3":[3,0],"4":[3,3],"5":[3,3],"6":[1,2],"7":[2,4],"8":[2,0],"9":[4,2]},"_coverageSchema":"1a1c01bbd47fc00a2c39e90264f33305004495a9","hash":"c7a2320fdbf2bec9884bc503d3e55c3e1a6f35ae"}
,"D:\\Springboard\\Express Jobly\\models\\company.js": {"path":"D:\\Springboard\\Express Jobly\\models\\company.js","statementMap":{"0":{"start":{"line":1,"column":11},"end":{"line":1,"column":27}},"1":{"start":{"line":2,"column":21},"end":{"line":2,"column":55}},"2":{"start":{"line":3,"column":15},"end":{"line":3,"column":32}},"3":{"start":{"line":7,"column":2},"end":{"line":11,"column":30}},"4":{"start":{"line":17,"column":20},"end":{"line":17,"column":22}},"5":{"start":{"line":18,"column":15},"end":{"line":18,"column":17}},"6":{"start":{"line":21,"column":2},"end":{"line":24,"column":3}},"7":{"start":{"line":22,"column":3},"end":{"line":22,"column":36}},"8":{"start":{"line":23,"column":3},"end":{"line":23,"column":52}},"9":{"start":{"line":26,"column":2},"end":{"line":29,"column":3}},"10":{"start":{"line":27,"column":3},"end":{"line":27,"column":37}},"11":{"start":{"line":28,"column":3},"end":{"line":28,"column":58}},"12":{"start":{"line":31,"column":2},"end":{"line":34,"column":3}},"13":{"start":{"line":32,"column":3},"end":{"line":32,"column":37}},"14":{"start":{"line":33,"column":3},"end":{"line":33,"column":57}},"15":{"start":{"line":36,"column":16},"end":{"line":36,"column":81}},"16":{"start":{"line":38,"column":2},"end":{"line":42,"column":3}},"17":{"start":{"line":39,"column":3},"end":{"line":39,"column":71}},"18":{"start":{"line":41,"column":3},"end":{"line":41,"column":51}},"19":{"start":{"line":44,"column":18},"end":{"line":44,"column":52}},"20":{"start":{"line":46,"column":2},"end":{"line":46,"column":49}},"21":{"start":{"line":46,"column":33},"end":{"line":46,"column":47}},"22":{"start":{"line":52,"column":18},"end":{"line":52,"column":89}},"23":{"start":{"line":54,"column":16},"end":{"line":54,"column":31}},"24":{"start":{"line":56,"column":2},"end":{"line":58,"column":3}},"25":{"start":{"line":57,"column":3},"end":{"line":57,"column":73}},"26":{"start":{"line":60,"column":2},"end":{"line":60,"column":33}},"27":{"start":{"line":62,"column":21},"end":{"line":62,"column":101}},"28":{"start":{"line":64,"column":2},"end":{"line":66,"column":5}},"29":{"start":{"line":65,"column":3},"end":{"line":65,"column":65}},"30":{"start":{"line":68,"column":2},"end":{"line":68,"column":33}},"31":{"start":{"line":71,"column":2},"end":{"line":71,"column":17}},"32":{"start":{"line":75,"column":17},"end":{"line":85,"column":3}},"33":{"start":{"line":87,"column":2},"end":{"line":87,"column":24}},"34":{"start":{"line":93,"column":17},"end":{"line":93,"column":58}},"35":{"start":{"line":94,"column":2},"end":{"line":94,"column":24}},"36":{"start":{"line":100,"column":17},"end":{"line":100,"column":98}},"37":{"start":{"line":102,"column":2},"end":{"line":104,"column":3}},"38":{"start":{"line":103,"column":3},"end":{"line":103,"column":93}},"39":{"start":{"line":106,"column":2},"end":{"line":106,"column":24}},"40":{"start":{"line":110,"column":0},"end":{"line":110,"column":25}}},"fnMap":{"0":{"name":"(anonymous_0)","decl":{"start":{"line":6,"column":1},"end":{"line":6,"column":2}},"loc":{"start":{"line":6,"column":69},"end":{"line":12,"column":2}},"line":6},"1":{"name":"(anonymous_1)","decl":{"start":{"line":16,"column":1},"end":{"line":16,"column":2}},"loc":{"start":{"line":16,"column":25},"end":{"line":47,"column":2}},"line":16},"2":{"name":"(anonymous_2)","decl":{"start":{"line":46,"column":26},"end":{"line":46,"column":27}},"loc":{"start":{"line":46,"column":33},"end":{"line":46,"column":47}},"line":46},"3":{"name":"(anonymous_3)","decl":{"start":{"line":51,"column":1},"end":{"line":51,"column":2}},"loc":{"start":{"line":51,"column":26},"end":{"line":72,"column":2}},"line":51},"4":{"name":"(anonymous_4)","decl":{"start":{"line":64,"column":22},"end":{"line":64,"column":23}},"loc":{"start":{"line":64,"column":31},"end":{"line":66,"column":3}},"line":64},"5":{"name":"(anonymous_5)","decl":{"start":{"line":74,"column":1},"end":{"line":74,"column":2}},"loc":{"start":{"line":74,"column":27},"end":{"line":88,"column":2}},"line":74},"6":{"name":"(anonymous_6)","decl":{"start":{"line":92,"column":1},"end":{"line":92,"column":2}},"loc":{"start":{"line":92,"column":34},"end":{"line":95,"column":2}},"line":92},"7":{"name":"(anonymous_7)","decl":{"start":{"line":99,"column":1},"end":{"line":99,"column":2}},"loc":{"start":{"line":99,"column":29},"end":{"line":107,"column":2}},"line":99}},"branchMap":{"0":{"loc":{"start":{"line":21,"column":2},"end":{"line":24,"column":3}},"type":"if","locations":[{"start":{"line":21,"column":2},"end":{"line":24,"column":3}},{"start":{"line":21,"column":2},"end":{"line":24,"column":3}}],"line":21},"1":{"loc":{"start":{"line":26,"column":2},"end":{"line":29,"column":3}},"type":"if","locations":[{"start":{"line":26,"column":2},"end":{"line":29,"column":3}},{"start":{"line":26,"column":2},"end":{"line":29,"column":3}}],"line":26},"2":{"loc":{"start":{"line":31,"column":2},"end":{"line":34,"column":3}},"type":"if","locations":[{"start":{"line":31,"column":2},"end":{"line":34,"column":3}},{"start":{"line":31,"column":2},"end":{"line":34,"column":3}}],"line":31},"3":{"loc":{"start":{"line":38,"column":2},"end":{"line":42,"column":3}},"type":"if","locations":[{"start":{"line":38,"column":2},"end":{"line":42,"column":3}},{"start":{"line":38,"column":2},"end":{"line":42,"column":3}}],"line":38},"4":{"loc":{"start":{"line":56,"column":2},"end":{"line":58,"column":3}},"type":"if","locations":[{"start":{"line":56,"column":2},"end":{"line":58,"column":3}},{"start":{"line":56,"column":2},"end":{"line":58,"column":3}}],"line":56},"5":{"loc":{"start":{"line":102,"column":2},"end":{"line":104,"column":3}},"type":"if","locations":[{"start":{"line":102,"column":2},"end":{"line":104,"column":3}},{"start":{"line":102,"column":2},"end":{"line":104,"column":3}}],"line":102}},"s":{"0":3,"1":3,"2":3,"3":4,"4":1,"5":1,"6":1,"7":0,"8":0,"9":1,"10":0,"11":0,"12":1,"13":0,"14":0,"15":1,"16":1,"17":1,"18":0,"19":1,"20":1,"21":1,"22":4,"23":4,"24":4,"25":1,"26":3,"27":3,"28":3,"29":0,"30":3,"31":3,"32":1,"33":1,"34":1,"35":1,"36":1,"37":1,"38":0,"39":1,"40":3},"f":{"0":4,"1":1,"2":1,"3":4,"4":0,"5":1,"6":1,"7":1},"b":{"0":[0,1],"1":[0,1],"2":[0,1],"3":[1,0],"4":[1,3],"5":[0,1]},"_coverageSchema":"1a1c01bbd47fc00a2c39e90264f33305004495a9","hash":"ca7c20d3fc7a8453cd0ca7fc9c8d60dd1bcd943b"}
,"D:\\Springboard\\Express Jobly\\models\\job.js": {"path":"D:\\Springboard\\Express Jobly\\models\\job.js","statementMap":{"0":{"start":{"line":1,"column":11},"end":{"line":1,"column":27}},"1":{"start":{"line":2,"column":21},"end":{"line":2,"column":55}},"2":{"start":{"line":3,"column":15},"end":{"line":3,"column":32}},"3":{"start":{"line":7,"column":2},"end":{"line":12,"column":64}},"4":{"start":{"line":18,"column":20},"end":{"line":18,"column":22}},"5":{"start":{"line":19,"column":15},"end":{"line":19,"column":17}},"6":{"start":{"line":22,"column":2},"end":{"line":25,"column":3}},"7":{"start":{"line":23,"column":3},"end":{"line":23,"column":36}},"8":{"start":{"line":24,"column":3},"end":{"line":24,"column":53}},"9":{"start":{"line":27,"column":2},"end":{"line":30,"column":3}},"10":{"start":{"line":28,"column":3},"end":{"line":28,"column":34}},"11":{"start":{"line":29,"column":3},"end":{"line":29,"column":51}},"12":{"start":{"line":32,"column":2},"end":{"line":35,"column":3}},"13":{"start":{"line":33,"column":3},"end":{"line":33,"column":34}},"14":{"start":{"line":34,"column":3},"end":{"line":34,"column":50}},"15":{"start":{"line":37,"column":16},"end":{"line":37,"column":93}},"16":{"start":{"line":39,"column":2},"end":{"line":43,"column":3}},"17":{"start":{"line":40,"column":3},"end":{"line":40,"column":60}},"18":{"start":{"line":42,"column":3},"end":{"line":42,"column":46}},"19":{"start":{"line":45,"column":18},"end":{"line":45,"column":52}},"20":{"start":{"line":47,"column":2},"end":{"line":47,"column":45}},"21":{"start":{"line":47,"column":33},"end":{"line":47,"column":43}},"22":{"start":{"line":53,"column":18},"end":{"line":53,"column":76}},"23":{"start":{"line":55,"column":12},"end":{"line":55,"column":27}},"24":{"start":{"line":57,"column":2},"end":{"line":59,"column":3}},"25":{"start":{"line":58,"column":3},"end":{"line":58,"column":61}},"26":{"start":{"line":61,"column":2},"end":{"line":61,"column":21}},"27":{"start":{"line":63,"column":25},"end":{"line":63,"column":108}},"28":{"start":{"line":65,"column":2},"end":{"line":65,"column":39}},"29":{"start":{"line":67,"column":2},"end":{"line":67,"column":13}},"30":{"start":{"line":71,"column":17},"end":{"line":80,"column":3}},"31":{"start":{"line":82,"column":2},"end":{"line":82,"column":24}},"32":{"start":{"line":88,"column":17},"end":{"line":88,"column":58}},"33":{"start":{"line":89,"column":2},"end":{"line":89,"column":24}},"34":{"start":{"line":93,"column":17},"end":{"line":93,"column":85}},"35":{"start":{"line":95,"column":2},"end":{"line":97,"column":3}},"36":{"start":{"line":96,"column":3},"end":{"line":96,"column":81}},"37":{"start":{"line":99,"column":2},"end":{"line":99,"column":24}},"38":{"start":{"line":103,"column":0},"end":{"line":103,"column":21}}},"fnMap":{"0":{"name":"(anonymous_0)","decl":{"start":{"line":6,"column":1},"end":{"line":6,"column":2}},"loc":{"start":{"line":6,"column":73},"end":{"line":13,"column":2}},"line":6},"1":{"name":"(anonymous_1)","decl":{"start":{"line":17,"column":1},"end":{"line":17,"column":2}},"loc":{"start":{"line":17,"column":25},"end":{"line":48,"column":2}},"line":17},"2":{"name":"(anonymous_2)","decl":{"start":{"line":47,"column":26},"end":{"line":47,"column":27}},"loc":{"start":{"line":47,"column":33},"end":{"line":47,"column":43}},"line":47},"3":{"name":"(anonymous_3)","decl":{"start":{"line":52,"column":1},"end":{"line":52,"column":2}},"loc":{"start":{"line":52,"column":22},"end":{"line":68,"column":2}},"line":52},"4":{"name":"(anonymous_4)","decl":{"start":{"line":70,"column":1},"end":{"line":70,"column":2}},"loc":{"start":{"line":70,"column":27},"end":{"line":83,"column":2}},"line":70},"5":{"name":"(anonymous_5)","decl":{"start":{"line":87,"column":1},"end":{"line":87,"column":2}},"loc":{"start":{"line":87,"column":34},"end":{"line":90,"column":2}},"line":87},"6":{"name":"(anonymous_6)","decl":{"start":{"line":92,"column":1},"end":{"line":92,"column":2}},"loc":{"start":{"line":92,"column":25},"end":{"line":100,"column":2}},"line":92}},"branchMap":{"0":{"loc":{"start":{"line":22,"column":2},"end":{"line":25,"column":3}},"type":"if","locations":[{"start":{"line":22,"column":2},"end":{"line":25,"column":3}},{"start":{"line":22,"column":2},"end":{"line":25,"column":3}}],"line":22},"1":{"loc":{"start":{"line":27,"column":2},"end":{"line":30,"column":3}},"type":"if","locations":[{"start":{"line":27,"column":2},"end":{"line":30,"column":3}},{"start":{"line":27,"column":2},"end":{"line":30,"column":3}}],"line":27},"2":{"loc":{"start":{"line":32,"column":2},"end":{"line":35,"column":3}},"type":"if","locations":[{"start":{"line":32,"column":2},"end":{"line":35,"column":3}},{"start":{"line":32,"column":2},"end":{"line":35,"column":3}}],"line":32},"3":{"loc":{"start":{"line":39,"column":2},"end":{"line":43,"column":3}},"type":"if","locations":[{"start":{"line":39,"column":2},"end":{"line":43,"column":3}},{"start":{"line":39,"column":2},"end":{"line":43,"column":3}}],"line":39},"4":{"loc":{"start":{"line":57,"column":2},"end":{"line":59,"column":3}},"type":"if","locations":[{"start":{"line":57,"column":2},"end":{"line":59,"column":3}},{"start":{"line":57,"column":2},"end":{"line":59,"column":3}}],"line":57},"5":{"loc":{"start":{"line":95,"column":2},"end":{"line":97,"column":3}},"type":"if","locations":[{"start":{"line":95,"column":2},"end":{"line":97,"column":3}},{"start":{"line":95,"column":2},"end":{"line":97,"column":3}}],"line":95}},"s":{"0":3,"1":3,"2":3,"3":4,"4":1,"5":1,"6":1,"7":0,"8":0,"9":1,"10":0,"11":0,"12":1,"13":0,"14":0,"15":1,"16":1,"17":1,"18":0,"19":1,"20":1,"21":1,"22":4,"23":4,"24":4,"25":1,"26":3,"27":3,"28":3,"29":3,"30":1,"31":1,"32":1,"33":1,"34":1,"35":1,"36":0,"37":1,"38":3},"f":{"0":4,"1":1,"2":1,"3":4,"4":1,"5":1,"6":1},"b":{"0":[0,1],"1":[0,1],"2":[0,1],"3":[1,0],"4":[1,3],"5":[0,1]},"_coverageSchema":"1a1c01bbd47fc00a2c39e90264f33305004495a9","hash":"b1a6173639c87ff01f2d0ff6b0d98580b388ea80"}
,"D:\\Springboard\\Express Jobly\\models\\user.js": {"path":"D:\\Springboard\\Express Jobly\\models\\user.js","statementMap":{"0":{"start":{"line":1,"column":11},"end":{"line":1,"column":27}},"1":{"start":{"line":2,"column":21},"end":{"line":2,"column":55}},"2":{"start":{"line":3,"column":31},"end":{"line":3,"column":51}},"3":{"start":{"line":4,"column":15},"end":{"line":4,"column":32}},"4":{"start":{"line":8,"column":2},"end":{"line":13,"column":39}},"5":{"start":{"line":19,"column":18},"end":{"line":21,"column":3}},"6":{"start":{"line":23,"column":2},"end":{"line":25,"column":3}},"7":{"start":{"line":24,"column":3},"end":{"line":24,"column":49}},"8":{"start":{"line":27,"column":2},"end":{"line":27,"column":46}},"9":{"start":{"line":27,"column":33},"end":{"line":27,"column":44}},"10":{"start":{"line":33,"column":18},"end":{"line":36,"column":3}},"11":{"start":{"line":38,"column":15},"end":{"line":38,"column":30}},"12":{"start":{"line":40,"column":2},"end":{"line":42,"column":3}},"13":{"start":{"line":41,"column":3},"end":{"line":41,"column":75}},"14":{"start":{"line":44,"column":2},"end":{"line":44,"column":24}},"15":{"start":{"line":48,"column":25},"end":{"line":48,"column":77}},"16":{"start":{"line":50,"column":17},"end":{"line":56,"column":3}},"17":{"start":{"line":58,"column":2},"end":{"line":58,"column":24}},"18":{"start":{"line":64,"column":17},"end":{"line":64,"column":58}},"19":{"start":{"line":65,"column":2},"end":{"line":65,"column":33}},"20":{"start":{"line":66,"column":2},"end":{"line":66,"column":24}},"21":{"start":{"line":72,"column":17},"end":{"line":72,"column":98}},"22":{"start":{"line":74,"column":2},"end":{"line":76,"column":3}},"23":{"start":{"line":75,"column":3},"end":{"line":75,"column":94}},"24":{"start":{"line":78,"column":2},"end":{"line":78,"column":24}},"25":{"start":{"line":82,"column":18},"end":{"line":87,"column":3}},"26":{"start":{"line":89,"column":15},"end":{"line":89,"column":30}},"27":{"start":{"line":91,"column":2},"end":{"line":100,"column":3}},"28":{"start":{"line":92,"column":21},"end":{"line":92,"column":71}},"29":{"start":{"line":93,"column":3},"end":{"line":97,"column":4}},"30":{"start":{"line":94,"column":4},"end":{"line":94,"column":16}},"31":{"start":{"line":96,"column":4},"end":{"line":96,"column":54}},"32":{"start":{"line":99,"column":3},"end":{"line":99,"column":80}},"33":{"start":{"line":104,"column":0},"end":{"line":104,"column":22}}},"fnMap":{"0":{"name":"(anonymous_0)","decl":{"start":{"line":7,"column":1},"end":{"line":7,"column":2}},"loc":{"start":{"line":7,"column":78},"end":{"line":14,"column":2}},"line":7},"1":{"name":"(anonymous_1)","decl":{"start":{"line":18,"column":1},"end":{"line":18,"column":2}},"loc":{"start":{"line":18,"column":25},"end":{"line":28,"column":2}},"line":18},"2":{"name":"(anonymous_2)","decl":{"start":{"line":27,"column":26},"end":{"line":27,"column":27}},"loc":{"start":{"line":27,"column":33},"end":{"line":27,"column":44}},"line":27},"3":{"name":"(anonymous_3)","decl":{"start":{"line":32,"column":1},"end":{"line":32,"column":2}},"loc":{"start":{"line":32,"column":28},"end":{"line":45,"column":2}},"line":32},"4":{"name":"(anonymous_4)","decl":{"start":{"line":47,"column":1},"end":{"line":47,"column":2}},"loc":{"start":{"line":47,"column":29},"end":{"line":59,"column":2}},"line":47},"5":{"name":"(anonymous_5)","decl":{"start":{"line":63,"column":1},"end":{"line":63,"column":2}},"loc":{"start":{"line":63,"column":34},"end":{"line":67,"column":2}},"line":63},"6":{"name":"(anonymous_6)","decl":{"start":{"line":71,"column":1},"end":{"line":71,"column":2}},"loc":{"start":{"line":71,"column":31},"end":{"line":79,"column":2}},"line":71},"7":{"name":"(anonymous_7)","decl":{"start":{"line":81,"column":1},"end":{"line":81,"column":2}},"loc":{"start":{"line":81,"column":33},"end":{"line":101,"column":2}},"line":81}},"branchMap":{"0":{"loc":{"start":{"line":12,"column":21},"end":{"line":12,"column":38}},"type":"binary-expr","locations":[{"start":{"line":12,"column":21},"end":{"line":12,"column":30}},{"start":{"line":12,"column":34},"end":{"line":12,"column":38}}],"line":12},"1":{"loc":{"start":{"line":13,"column":20},"end":{"line":13,"column":37}},"type":"binary-expr","locations":[{"start":{"line":13,"column":20},"end":{"line":13,"column":28}},{"start":{"line":13,"column":32},"end":{"line":13,"column":37}}],"line":13},"2":{"loc":{"start":{"line":23,"column":2},"end":{"line":25,"column":3}},"type":"if","locations":[{"start":{"line":23,"column":2},"end":{"line":25,"column":3}},{"start":{"line":23,"column":2},"end":{"line":25,"column":3}}],"line":23},"3":{"loc":{"start":{"line":40,"column":2},"end":{"line":42,"column":3}},"type":"if","locations":[{"start":{"line":40,"column":2},"end":{"line":42,"column":3}},{"start":{"line":40,"column":2},"end":{"line":42,"column":3}}],"line":40},"4":{"loc":{"start":{"line":74,"column":2},"end":{"line":76,"column":3}},"type":"if","locations":[{"start":{"line":74,"column":2},"end":{"line":76,"column":3}},{"start":{"line":74,"column":2},"end":{"line":76,"column":3}}],"line":74},"5":{"loc":{"start":{"line":91,"column":2},"end":{"line":100,"column":3}},"type":"if","locations":[{"start":{"line":91,"column":2},"end":{"line":100,"column":3}},{"start":{"line":91,"column":2},"end":{"line":100,"column":3}}],"line":91},"6":{"loc":{"start":{"line":93,"column":3},"end":{"line":97,"column":4}},"type":"if","locations":[{"start":{"line":93,"column":3},"end":{"line":97,"column":4}},{"start":{"line":93,"column":3},"end":{"line":97,"column":4}}],"line":93}},"s":{"0":3,"1":3,"2":3,"3":3,"4":5,"5":1,"6":1,"7":0,"8":1,"9":2,"10":4,"11":4,"12":4,"13":1,"14":3,"15":1,"16":1,"17":1,"18":1,"19":1,"20":1,"21":1,"22":1,"23":0,"24":1,"25":3,"26":3,"27":3,"28":3,"29":3,"30":3,"31":0,"32":0,"33":3},"f":{"0":5,"1":1,"2":2,"3":4,"4":1,"5":1,"6":1,"7":3},"b":{"0":[5,5],"1":[5,2],"2":[0,1],"3":[1,3],"4":[0,1],"5":[3,0],"6":[3,0]},"_coverageSchema":"1a1c01bbd47fc00a2c39e90264f33305004495a9","hash":"33c405f4005fc8197030f2fa3835366d72076691"}
,"D:\\Springboard\\Express Jobly\\routes\\auth.js": {"path":"D:\\Springboard\\Express Jobly\\routes\\auth.js","statementMap":{"0":{"start":{"line":1,"column":16},"end":{"line":1,"column":34}},"1":{"start":{"line":2,"column":15},"end":{"line":2,"column":35}},"2":{"start":{"line":3,"column":22},"end":{"line":3,"column":49}},"3":{"start":{"line":4,"column":21},"end":{"line":4,"column":50}},"4":{"start":{"line":6,"column":0},"end":{"line":15,"column":3}},"5":{"start":{"line":7,"column":1},"end":{"line":14,"column":2}},"6":{"start":{"line":8,"column":15},"end":{"line":8,"column":30}},"7":{"start":{"line":9,"column":16},"end":{"line":9,"column":31}},"8":{"start":{"line":11,"column":2},"end":{"line":11,"column":29}},"9":{"start":{"line":13,"column":2},"end":{"line":13,"column":21}},"10":{"start":{"line":17,"column":0},"end":{"line":17,"column":24}}},"fnMap":{"0":{"name":"(anonymous_0)","decl":{"start":{"line":6,"column":32},"end":{"line":6,"column":33}},"loc":{"start":{"line":6,"column":58},"end":{"line":15,"column":1}},"line":6}},"branchMap":{},"s":{"0":3,"1":3,"2":3,"3":3,"4":3,"5":3,"6":3,"7":3,"8":3,"9":0,"10":3},"f":{"0":3},"b":{},"_coverageSchema":"1a1c01bbd47fc00a2c39e90264f33305004495a9","hash":"31ea28d6bba1300ed6d11f3645971bc667bcf43e"}
,"D:\\Springboard\\Express Jobly\\routes\\companies.js": {"path":"D:\\Springboard\\Express Jobly\\routes\\companies.js","statementMap":{"0":{"start":{"line":1,"column":16},"end":{"line":1,"column":34}},"1":{"start":{"line":3,"column":16},"end":{"line":3,"column":44}},"2":{"start":{"line":4,"column":21},"end":{"line":4,"column":55}},"3":{"start":{"line":5,"column":15},"end":{"line":5,"column":35}},"4":{"start":{"line":7,"column":58},"end":{"line":7,"column":90}},"5":{"start":{"line":8,"column":40},"end":{"line":8,"column":69}},"6":{"start":{"line":10,"column":28},"end":{"line":10,"column":63}},"7":{"start":{"line":12,"column":0},"end":{"line":24,"column":3}},"8":{"start":{"line":13,"column":1},"end":{"line":23,"column":2}},"9":{"start":{"line":14,"column":20},"end":{"line":14,"column":48}},"10":{"start":{"line":16,"column":2},"end":{"line":18,"column":3}},"11":{"start":{"line":17,"column":3},"end":{"line":17,"column":111}},"12":{"start":{"line":20,"column":2},"end":{"line":20,"column":33}},"13":{"start":{"line":22,"column":2},"end":{"line":22,"column":19}},"14":{"start":{"line":26,"column":0},"end":{"line":37,"column":3}},"15":{"start":{"line":27,"column":1},"end":{"line":36,"column":2}},"16":{"start":{"line":28,"column":18},"end":{"line":28,"column":48}},"17":{"start":{"line":30,"column":2},"end":{"line":30,"column":43}},"18":{"start":{"line":32,"column":2},"end":{"line":34,"column":3}},"19":{"start":{"line":33,"column":3},"end":{"line":33,"column":106}},"20":{"start":{"line":35,"column":2},"end":{"line":35,"column":21}},"21":{"start":{"line":39,"column":0},"end":{"line":48,"column":3}},"22":{"start":{"line":40,"column":1},"end":{"line":47,"column":2}},"23":{"start":{"line":43,"column":18},"end":{"line":43,"column":36}},"24":{"start":{"line":44,"column":2},"end":{"line":44,"column":43}},"25":{"start":{"line":46,"column":2},"end":{"line":46,"column":21}},"26":{"start":{"line":50,"column":0},"end":{"line":59,"column":3}},"27":{"start":{"line":51,"column":1},"end":{"line":58,"column":2}},"28":{"start":{"line":52,"column":21},"end":{"line":52,"column":31}},"29":{"start":{"line":53,"column":28},"end":{"line":53,"column":88}},"30":{"start":{"line":54,"column":18},"end":{"line":54,"column":51}},"31":{"start":{"line":55,"column":2},"end":{"line":55,"column":107}},"32":{"start":{"line":57,"column":2},"end":{"line":57,"column":21}},"33":{"start":{"line":61,"column":0},"end":{"line":69,"column":3}},"34":{"start":{"line":62,"column":1},"end":{"line":68,"column":2}},"35":{"start":{"line":63,"column":21},"end":{"line":63,"column":31}},"36":{"start":{"line":64,"column":18},"end":{"line":64,"column":46}},"37":{"start":{"line":65,"column":2},"end":{"line":65,"column":85}},"38":{"start":{"line":67,"column":2},"end":{"line":67,"column":21}},"39":{"start":{"line":71,"column":0},"end":{"line":71,"column":24}}},"fnMap":{"0":{"name":"(anonymous_0)","decl":{"start":{"line":12,"column":45},"end":{"line":12,"column":46}},"loc":{"start":{"line":12,"column":71},"end":{"line":24,"column":1}},"line":12},"1":{"name":"(anonymous_1)","decl":{"start":{"line":26,"column":48},"end":{"line":26,"column":49}},"loc":{"start":{"line":26,"column":74},"end":{"line":37,"column":1}},"line":26},"2":{"name":"(anonymous_2)","decl":{"start":{"line":39,"column":53},"end":{"line":39,"column":54}},"loc":{"start":{"line":39,"column":79},"end":{"line":48,"column":1}},"line":39},"3":{"name":"(anonymous_3)","decl":{"start":{"line":50,"column":72},"end":{"line":50,"column":73}},"loc":{"start":{"line":50,"column":98},"end":{"line":59,"column":1}},"line":50},"4":{"name":"(anonymous_4)","decl":{"start":{"line":61,"column":57},"end":{"line":61,"column":58}},"loc":{"start":{"line":61,"column":83},"end":{"line":69,"column":1}},"line":61}},"branchMap":{"0":{"loc":{"start":{"line":16,"column":2},"end":{"line":18,"column":3}},"type":"if","locations":[{"start":{"line":16,"column":2},"end":{"line":18,"column":3}},{"start":{"line":16,"column":2},"end":{"line":18,"column":3}}],"line":16},"1":{"loc":{"start":{"line":32,"column":2},"end":{"line":34,"column":3}},"type":"if","locations":[{"start":{"line":32,"column":2},"end":{"line":34,"column":3}},{"start":{"line":32,"column":2},"end":{"line":34,"column":3}}],"line":32}},"s":{"0":3,"1":3,"2":3,"3":3,"4":3,"5":3,"6":3,"7":3,"8":1,"9":1,"10":1,"11":0,"12":1,"13":0,"14":3,"15":1,"16":1,"17":1,"18":0,"19":0,"20":0,"21":3,"22":1,"23":1,"24":1,"25":0,"26":3,"27":1,"28":1,"29":1,"30":1,"31":1,"32":0,"33":3,"34":1,"35":1,"36":1,"37":1,"38":0,"39":3},"f":{"0":1,"1":1,"2":1,"3":1,"4":1},"b":{"0":[0,1],"1":[0,0]},"_coverageSchema":"1a1c01bbd47fc00a2c39e90264f33305004495a9","hash":"49f3fff7a658b87a9077261fef38e006b5d111bd"}
,"D:\\Springboard\\Express Jobly\\routes\\jobs.js": {"path":"D:\\Springboard\\Express Jobly\\routes\\jobs.js","statementMap":{"0":{"start":{"line":1,"column":16},"end":{"line":1,"column":34}},"1":{"start":{"line":3,"column":12},"end":{"line":3,"column":36}},"2":{"start":{"line":4,"column":21},"end":{"line":4,"column":55}},"3":{"start":{"line":5,"column":54},"end":{"line":5,"column":82}},"4":{"start":{"line":6,"column":40},"end":{"line":6,"column":69}},"5":{"start":{"line":7,"column":15},"end":{"line":7,"column":35}},"6":{"start":{"line":9,"column":28},"end":{"line":9,"column":63}},"7":{"start":{"line":11,"column":0},"end":{"line":23,"column":3}},"8":{"start":{"line":12,"column":1},"end":{"line":22,"column":2}},"9":{"start":{"line":13,"column":15},"end":{"line":13,"column":39}},"10":{"start":{"line":15,"column":2},"end":{"line":17,"column":3}},"11":{"start":{"line":16,"column":3},"end":{"line":16,"column":106}},"12":{"start":{"line":19,"column":2},"end":{"line":19,"column":28}},"13":{"start":{"line":21,"column":2},"end":{"line":21,"column":19}},"14":{"start":{"line":25,"column":0},"end":{"line":36,"column":3}},"15":{"start":{"line":26,"column":1},"end":{"line":35,"column":2}},"16":{"start":{"line":27,"column":14},"end":{"line":27,"column":40}},"17":{"start":{"line":29,"column":2},"end":{"line":29,"column":39}},"18":{"start":{"line":31,"column":2},"end":{"line":33,"column":3}},"19":{"start":{"line":32,"column":3},"end":{"line":32,"column":102}},"20":{"start":{"line":34,"column":2},"end":{"line":34,"column":21}},"21":{"start":{"line":38,"column":0},"end":{"line":45,"column":3}},"22":{"start":{"line":39,"column":1},"end":{"line":44,"column":2}},"23":{"start":{"line":40,"column":14},"end":{"line":40,"column":28}},"24":{"start":{"line":41,"column":2},"end":{"line":41,"column":39}},"25":{"start":{"line":43,"column":2},"end":{"line":43,"column":21}},"26":{"start":{"line":47,"column":0},"end":{"line":56,"column":3}},"27":{"start":{"line":48,"column":1},"end":{"line":55,"column":2}},"28":{"start":{"line":49,"column":17},"end":{"line":49,"column":27}},"29":{"start":{"line":50,"column":28},"end":{"line":50,"column":75}},"30":{"start":{"line":51,"column":14},"end":{"line":51,"column":43}},"31":{"start":{"line":52,"column":2},"end":{"line":52,"column":91}},"32":{"start":{"line":54,"column":2},"end":{"line":54,"column":21}},"33":{"start":{"line":58,"column":0},"end":{"line":66,"column":3}},"34":{"start":{"line":59,"column":1},"end":{"line":65,"column":2}},"35":{"start":{"line":60,"column":17},"end":{"line":60,"column":27}},"36":{"start":{"line":61,"column":14},"end":{"line":61,"column":34}},"37":{"start":{"line":62,"column":2},"end":{"line":62,"column":77}},"38":{"start":{"line":64,"column":2},"end":{"line":64,"column":21}},"39":{"start":{"line":68,"column":0},"end":{"line":68,"column":24}}},"fnMap":{"0":{"name":"(anonymous_0)","decl":{"start":{"line":11,"column":45},"end":{"line":11,"column":46}},"loc":{"start":{"line":11,"column":71},"end":{"line":23,"column":1}},"line":11},"1":{"name":"(anonymous_1)","decl":{"start":{"line":25,"column":48},"end":{"line":25,"column":49}},"loc":{"start":{"line":25,"column":74},"end":{"line":36,"column":1}},"line":25},"2":{"name":"(anonymous_2)","decl":{"start":{"line":38,"column":45},"end":{"line":38,"column":46}},"loc":{"start":{"line":38,"column":71},"end":{"line":45,"column":1}},"line":38},"3":{"name":"(anonymous_3)","decl":{"start":{"line":47,"column":64},"end":{"line":47,"column":65}},"loc":{"start":{"line":47,"column":90},"end":{"line":56,"column":1}},"line":47},"4":{"name":"(anonymous_4)","decl":{"start":{"line":58,"column":49},"end":{"line":58,"column":50}},"loc":{"start":{"line":58,"column":75},"end":{"line":66,"column":1}},"line":58}},"branchMap":{"0":{"loc":{"start":{"line":15,"column":2},"end":{"line":17,"column":3}},"type":"if","locations":[{"start":{"line":15,"column":2},"end":{"line":17,"column":3}},{"start":{"line":15,"column":2},"end":{"line":17,"column":3}}],"line":15},"1":{"loc":{"start":{"line":31,"column":2},"end":{"line":33,"column":3}},"type":"if","locations":[{"start":{"line":31,"column":2},"end":{"line":33,"column":3}},{"start":{"line":31,"column":2},"end":{"line":33,"column":3}}],"line":31}},"s":{"0":3,"1":3,"2":3,"3":3,"4":3,"5":3,"6":3,"7":3,"8":1,"9":1,"10":1,"11":0,"12":1,"13":0,"14":3,"15":1,"16":1,"17":1,"18":0,"19":0,"20":0,"21":3,"22":1,"23":1,"24":1,"25":0,"26":3,"27":1,"28":1,"29":1,"30":1,"31":1,"32":0,"33":3,"34":1,"35":1,"36":1,"37":1,"38":0,"39":3},"f":{"0":1,"1":1,"2":1,"3":1,"4":1},"b":{"0":[0,1],"1":[0,0]},"_coverageSchema":"1a1c01bbd47fc00a2c39e90264f33305004495a9","hash":"68312802fceffeb8c447e7fd143efc82e2f7f4a9"}
,"D:\\Springboard\\Express Jobly\\routes\\users.js": {"path":"D:\\Springboard\\Express Jobly\\routes\\users.js","statementMap":{"0":{"start":{"line":1,"column":16},"end":{"line":1,"column":34}},"1":{"start":{"line":3,"column":13},"end":{"line":3,"column":38}},"2":{"start":{"line":4,"column":21},"end":{"line":4,"column":55}},"3":{"start":{"line":5,"column":45},"end":{"line":5,"column":74}},"4":{"start":{"line":6,"column":29},"end":{"line":6,"column":58}},"5":{"start":{"line":7,"column":15},"end":{"line":7,"column":35}},"6":{"start":{"line":8,"column":22},"end":{"line":8,"column":49}},"7":{"start":{"line":9,"column":15},"end":{"line":9,"column":32}},"8":{"start":{"line":10,"column":31},"end":{"line":10,"column":51}},"9":{"start":{"line":12,"column":28},"end":{"line":12,"column":63}},"10":{"start":{"line":14,"column":0},"end":{"line":31,"column":3}},"11":{"start":{"line":15,"column":1},"end":{"line":30,"column":2}},"12":{"start":{"line":16,"column":16},"end":{"line":16,"column":32}},"13":{"start":{"line":18,"column":2},"end":{"line":25,"column":3}},"14":{"start":{"line":19,"column":3},"end":{"line":24,"column":6}},"15":{"start":{"line":27,"column":2},"end":{"line":27,"column":29}},"16":{"start":{"line":29,"column":2},"end":{"line":29,"column":19}},"17":{"start":{"line":33,"column":0},"end":{"line":49,"column":3}},"18":{"start":{"line":34,"column":1},"end":{"line":48,"column":2}},"19":{"start":{"line":35,"column":15},"end":{"line":35,"column":44}},"20":{"start":{"line":36,"column":16},"end":{"line":36,"column":31}},"21":{"start":{"line":38,"column":2},"end":{"line":38,"column":41}},"22":{"start":{"line":40,"column":2},"end":{"line":46,"column":3}},"23":{"start":{"line":41,"column":3},"end":{"line":45,"column":4}},"24":{"start":{"line":42,"column":4},"end":{"line":42,"column":91}},"25":{"start":{"line":44,"column":4},"end":{"line":44,"column":108}},"26":{"start":{"line":47,"column":2},"end":{"line":47,"column":21}},"27":{"start":{"line":51,"column":0},"end":{"line":58,"column":3}},"28":{"start":{"line":52,"column":1},"end":{"line":57,"column":2}},"29":{"start":{"line":53,"column":15},"end":{"line":53,"column":30}},"30":{"start":{"line":54,"column":2},"end":{"line":54,"column":40}},"31":{"start":{"line":56,"column":2},"end":{"line":56,"column":21}},"32":{"start":{"line":60,"column":0},"end":{"line":72,"column":3}},"33":{"start":{"line":61,"column":1},"end":{"line":71,"column":2}},"34":{"start":{"line":62,"column":23},"end":{"line":62,"column":33}},"35":{"start":{"line":63,"column":2},"end":{"line":65,"column":3}},"36":{"start":{"line":64,"column":3},"end":{"line":64,"column":80}},"37":{"start":{"line":66,"column":28},"end":{"line":66,"column":88}},"38":{"start":{"line":67,"column":15},"end":{"line":67,"column":45}},"39":{"start":{"line":68,"column":2},"end":{"line":68,"column":105}},"40":{"start":{"line":70,"column":2},"end":{"line":70,"column":21}},"41":{"start":{"line":74,"column":0},"end":{"line":82,"column":3}},"42":{"start":{"line":75,"column":1},"end":{"line":81,"column":2}},"43":{"start":{"line":76,"column":23},"end":{"line":76,"column":33}},"44":{"start":{"line":77,"column":15},"end":{"line":77,"column":42}},"45":{"start":{"line":78,"column":2},"end":{"line":78,"column":103}},"46":{"start":{"line":80,"column":2},"end":{"line":80,"column":21}},"47":{"start":{"line":84,"column":0},"end":{"line":84,"column":24}}},"fnMap":{"0":{"name":"(anonymous_0)","decl":{"start":{"line":14,"column":16},"end":{"line":14,"column":17}},"loc":{"start":{"line":14,"column":42},"end":{"line":31,"column":1}},"line":14},"1":{"name":"(anonymous_1)","decl":{"start":{"line":33,"column":33},"end":{"line":33,"column":34}},"loc":{"start":{"line":33,"column":59},"end":{"line":49,"column":1}},"line":33},"2":{"name":"(anonymous_2)","decl":{"start":{"line":51,"column":43},"end":{"line":51,"column":44}},"loc":{"start":{"line":51,"column":69},"end":{"line":58,"column":1}},"line":51},"3":{"name":"(anonymous_3)","decl":{"start":{"line":60,"column":79},"end":{"line":60,"column":80}},"loc":{"start":{"line":60,"column":105},"end":{"line":72,"column":1}},"line":60},"4":{"name":"(anonymous_4)","decl":{"start":{"line":74,"column":64},"end":{"line":74,"column":65}},"loc":{"start":{"line":74,"column":90},"end":{"line":82,"column":1}},"line":74}},"branchMap":{"0":{"loc":{"start":{"line":18,"column":2},"end":{"line":25,"column":3}},"type":"if","locations":[{"start":{"line":18,"column":2},"end":{"line":25,"column":3}},{"start":{"line":18,"column":2},"end":{"line":25,"column":3}}],"line":18},"1":{"loc":{"start":{"line":40,"column":2},"end":{"line":46,"column":3}},"type":"if","locations":[{"start":{"line":40,"column":2},"end":{"line":46,"column":3}},{"start":{"line":40,"column":2},"end":{"line":46,"column":3}}],"line":40},"2":{"loc":{"start":{"line":41,"column":3},"end":{"line":45,"column":4}},"type":"if","locations":[{"start":{"line":41,"column":3},"end":{"line":45,"column":4}},{"start":{"line":41,"column":3},"end":{"line":45,"column":4}}],"line":41},"3":{"loc":{"start":{"line":63,"column":2},"end":{"line":65,"column":3}},"type":"if","locations":[{"start":{"line":63,"column":2},"end":{"line":65,"column":3}},{"start":{"line":63,"column":2},"end":{"line":65,"column":3}}],"line":63}},"s":{"0":3,"1":3,"2":3,"3":3,"4":3,"5":3,"6":3,"7":3,"8":3,"9":3,"10":3,"11":1,"12":1,"13":1,"14":0,"15":1,"16":0,"17":3,"18":1,"19":1,"20":1,"21":1,"22":0,"23":0,"24":0,"25":0,"26":0,"27":3,"28":1,"29":1,"30":1,"31":0,"32":3,"33":1,"34":1,"35":1,"36":0,"37":1,"38":1,"39":1,"40":0,"41":3,"42":1,"43":1,"44":1,"45":1,"46":0,"47":3},"f":{"0":1,"1":1,"2":1,"3":1,"4":1},"b":{"0":[0,1],"1":[0,0],"2":[0,0],"3":[0,1]},"_coverageSchema":"1a1c01bbd47fc00a2c39e90264f33305004495a9","hash":"8ef5f412c7848ded16f5eb313867a88750127d97"}
}
