TN:
SF:..\app.js
FN:30,(anonymous_0)
FN:39,(anonymous_1)
FNF:2
FNH:1
FNDA:0,(anonymous_0)
FNDA:3,(anonymous_1)
DA:3,3
DA:5,3
DA:7,3
DA:9,3
DA:11,3
DA:13,3
DA:16,3
DA:18,3
DA:19,3
DA:20,3
DA:21,3
DA:23,3
DA:24,3
DA:25,3
DA:26,3
DA:30,3
DA:31,0
DA:34,0
DA:39,3
DA:40,3
DA:42,3
DA:50,3
LF:22
LH:20
BRDA:40,0,0,3
BRDA:40,0,1,0
BRF:2
BRH:1
end_of_record
TN:
SF:..\config.js
FNF:0
FNH:0
DA:3,3
DA:5,3
DA:7,3
DA:9,3
DA:19,3
DA:20,3
DA:22,0
DA:25,3
LF:8
LH:7
BRDA:5,0,0,3
BRDA:5,0,1,3
BRDA:7,1,0,3
BRDA:7,1,1,3
BRDA:9,2,0,3
BRDA:9,2,1,3
BRDA:19,3,0,3
BRDA:19,3,1,0
BRDA:22,4,0,0
BRDA:22,4,1,0
BRF:10
BRH:7
end_of_record
TN:
SF:..\db.js
FNF:0
FNH:0
DA:3,3
DA:4,3
DA:6,3
DA:10,3
DA:12,3
LF:5
LH:5
BRF:0
BRH:0
end_of_record
TN:
SF:..\helpers\expressError.js
FN:10,(anonymous_0)
FNF:1
FNH:1
FNDA:17,(anonymous_0)
DA:11,17
DA:12,17
DA:13,17
DA:14,17
DA:18,3
LF:5
LH:5
BRF:0
BRH:0
end_of_record
TN:
SF:..\helpers\partialUpdate.js
FN:15,sqlForPartialUpdate
FNF:1
FNH:1
FNDA:4,sqlForPartialUpdate
DA:19,4
DA:20,4
DA:23,4
DA:24,11
DA:25,3
DA:29,4
DA:30,8
DA:31,8
DA:35,4
DA:36,4
DA:38,4
DA:39,4
DA:41,4
DA:44,4
LF:14
LH:14
BRDA:24,0,0,3
BRDA:24,0,1,8
BRF:2
BRH:2
end_of_record
TN:
SF:..\helpers\token.js
FN:4,makeToken
FNF:1
FNH:1
FNDA:4,makeToken
DA:1,3
DA:2,3
DA:5,4
DA:10,4
DA:13,3
LF:5
LH:5
BRF:0
BRH:0
end_of_record
TN:
SF:..\middleware\auth.js
FN:6,checkForToken
FN:24,authUser
FN:39,authRequired
FN:63,checkCorrectUser
FN:77,adminRequired
FNF:5
FNH:5
FNDA:18,checkForToken
FNDA:3,authUser
FNDA:6,authRequired
FNDA:4,checkCorrectUser
FNDA:14,adminRequired
DA:1,3
DA:2,3
DA:3,3
DA:4,3
DA:7,18
DA:8,0
DA:14,18
DA:16,18
DA:17,18
DA:18,18
DA:20,0
DA:25,3
DA:26,3
DA:27,0
DA:29,3
DA:30,3
DA:31,3
DA:34,0
DA:35,0
DA:40,6
DA:41,6
DA:42,0
DA:48,6
DA:50,6
DA:51,6
DA:53,0
DA:56,6
DA:57,6
DA:59,0
DA:64,4
DA:65,4
DA:66,4
DA:67,4
DA:68,4
DA:70,0
DA:73,0
DA:78,14
DA:79,14
DA:80,14
DA:81,14
DA:82,14
DA:84,0
DA:87,0
DA:91,3
LF:44
LH:32
BRDA:7,0,0,0
BRDA:7,0,1,18
BRDA:7,1,0,18
BRDA:7,1,1,0
BRDA:14,2,0,18
BRDA:14,2,1,0
BRDA:26,3,0,0
BRDA:26,3,1,3
BRDA:26,4,0,3
BRDA:26,4,1,3
BRDA:41,5,0,0
BRDA:41,5,1,6
BRDA:41,6,0,6
BRDA:41,6,1,0
BRDA:48,7,0,6
BRDA:48,7,1,0
BRDA:67,8,0,4
BRDA:67,8,1,0
BRDA:81,9,0,14
BRDA:81,9,1,0
BRF:20
BRH:11
end_of_record
TN:
SF:..\middleware\company.js
FN:8,checkForHandle
FN:28,validateSchema
FN:40,(anonymous_2)
FN:58,checkForQuery
FNF:4
FNH:4
FNDA:4,checkForHandle
FNDA:6,validateSchema
FNDA:2,(anonymous_2)
FNDA:1,checkForQuery
DA:1,3
DA:2,3
DA:3,3
DA:4,3
DA:5,3
DA:6,3
DA:9,4
DA:10,4
DA:11,0
DA:13,4
DA:14,4
DA:16,3
DA:17,0
DA:19,3
DA:20,3
DA:24,1
DA:31,6
DA:32,3
DA:33,3
DA:34,3
DA:37,6
DA:39,6
DA:40,2
DA:41,2
DA:45,6
DA:46,5
DA:47,2
DA:51,6
DA:52,4
DA:54,2
DA:59,1
DA:60,0
DA:63,1
DA:64,0
DA:65,0
DA:71,1
DA:74,3
LF:37
LH:32
BRDA:10,0,0,0
BRDA:10,0,1,4
BRDA:16,1,0,0
BRDA:16,1,1,3
BRDA:31,2,0,3
BRDA:31,2,1,3
BRDA:33,3,0,3
BRDA:33,3,1,0
BRDA:39,4,0,2
BRDA:39,4,1,4
BRDA:45,5,0,5
BRDA:45,5,1,1
BRDA:46,6,0,2
BRDA:46,6,1,3
BRDA:51,7,0,4
BRDA:51,7,1,2
BRDA:59,8,0,0
BRDA:59,8,1,1
BRDA:63,9,0,0
BRDA:63,9,1,1
BRDA:63,10,0,1
BRDA:63,10,1,0
BRDA:64,11,0,0
BRDA:64,11,1,0
BRF:24
BRH:16
end_of_record
TN:
SF:..\middleware\job.js
FN:7,checkForID
FN:28,validateSchema
FN:38,(anonymous_2)
FN:44,checkForQuery
FN:70,checkForState
FNF:5
FNH:5
FNDA:5,checkForID
FNDA:6,validateSchema
FNDA:4,(anonymous_2)
FNDA:1,checkForQuery
FNDA:1,checkForState
DA:1,3
DA:2,3
DA:3,3
DA:4,3
DA:5,3
DA:8,5
DA:9,5
DA:10,0
DA:12,5
DA:13,5
DA:15,4
DA:16,0
DA:18,4
DA:19,4
DA:23,1
DA:24,1
DA:31,6
DA:32,3
DA:33,3
DA:34,3
DA:37,6
DA:38,4
DA:41,2
DA:45,1
DA:46,0
DA:49,1
DA:51,1
DA:52,0
DA:53,0
DA:57,1
DA:58,0
DA:59,0
DA:63,1
DA:64,0
DA:67,1
DA:71,1
DA:72,0
DA:77,1
DA:81,3
LF:39
LH:30
BRDA:9,0,0,0
BRDA:9,0,1,5
BRDA:15,1,0,0
BRDA:15,1,1,4
BRDA:31,2,0,3
BRDA:31,2,1,3
BRDA:33,3,0,3
BRDA:33,3,1,0
BRDA:37,4,0,4
BRDA:37,4,1,2
BRDA:45,5,0,0
BRDA:45,5,1,1
BRDA:51,6,0,0
BRDA:51,6,1,1
BRDA:52,7,0,0
BRDA:52,7,1,0
BRDA:57,8,0,0
BRDA:57,8,1,1
BRDA:58,9,0,0
BRDA:58,9,1,0
BRDA:58,10,0,0
BRDA:58,10,1,0
BRDA:63,11,0,0
BRDA:63,11,1,1
BRDA:71,12,0,0
BRDA:71,12,1,1
BRF:26
BRH:12
end_of_record
TN:
SF:..\middleware\user.js
FN:8,checkForUsername
FN:29,validateSchema
FN:41,(anonymous_2)
FNF:3
FNH:3
FNDA:4,checkForUsername
FNDA:6,validateSchema
FNDA:3,(anonymous_2)
DA:1,3
DA:2,3
DA:3,3
DA:4,3
DA:5,3
DA:6,3
DA:9,4
DA:10,4
DA:11,0
DA:13,4
DA:14,4
DA:16,3
DA:17,0
DA:19,3
DA:20,3
DA:24,1
DA:25,1
DA:32,6
DA:33,3
DA:34,3
DA:35,3
DA:38,6
DA:40,6
DA:41,3
DA:42,3
DA:46,6
DA:47,3
DA:48,1
DA:52,6
DA:53,2
DA:54,2
DA:58,6
DA:59,4
DA:61,2
DA:65,3
LF:35
LH:33
BRDA:10,0,0,0
BRDA:10,0,1,4
BRDA:16,1,0,0
BRDA:16,1,1,3
BRDA:32,2,0,3
BRDA:32,2,1,3
BRDA:34,3,0,3
BRDA:34,3,1,0
BRDA:40,4,0,3
BRDA:40,4,1,3
BRDA:46,5,0,3
BRDA:46,5,1,3
BRDA:47,6,0,1
BRDA:47,6,1,2
BRDA:52,7,0,2
BRDA:52,7,1,4
BRDA:53,8,0,2
BRDA:53,8,1,0
BRDA:58,9,0,4
BRDA:58,9,1,2
BRF:20
BRH:16
end_of_record
TN:
SF:..\models\company.js
FN:6,(anonymous_0)
FN:16,(anonymous_1)
FN:46,(anonymous_2)
FN:51,(anonymous_3)
FN:64,(anonymous_4)
FN:74,(anonymous_5)
FN:92,(anonymous_6)
FN:99,(anonymous_7)
FNF:8
FNH:7
FNDA:4,(anonymous_0)
FNDA:1,(anonymous_1)
FNDA:1,(anonymous_2)
FNDA:4,(anonymous_3)
FNDA:0,(anonymous_4)
FNDA:1,(anonymous_5)
FNDA:1,(anonymous_6)
FNDA:1,(anonymous_7)
DA:1,3
DA:2,3
DA:3,3
DA:7,4
DA:17,1
DA:18,1
DA:21,1
DA:22,0
DA:23,0
DA:26,1
DA:27,0
DA:28,0
DA:31,1
DA:32,0
DA:33,0
DA:36,1
DA:38,1
DA:39,1
DA:41,0
DA:44,1
DA:46,1
DA:52,4
DA:54,4
DA:56,4
DA:57,1
DA:60,3
DA:62,3
DA:64,3
DA:65,0
DA:68,3
DA:71,3
DA:75,1
DA:87,1
DA:93,1
DA:94,1
DA:100,1
DA:102,1
DA:103,0
DA:106,1
DA:110,3
LF:40
LH:31
BRDA:21,0,0,0
BRDA:21,0,1,1
BRDA:26,1,0,0
BRDA:26,1,1,1
BRDA:31,2,0,0
BRDA:31,2,1,1
BRDA:38,3,0,1
BRDA:38,3,1,0
BRDA:56,4,0,1
BRDA:56,4,1,3
BRDA:102,5,0,0
BRDA:102,5,1,1
BRF:12
BRH:7
end_of_record
TN:
SF:..\models\job.js
FN:6,(anonymous_0)
FN:17,(anonymous_1)
FN:47,(anonymous_2)
FN:52,(anonymous_3)
FN:70,(anonymous_4)
FN:87,(anonymous_5)
FN:92,(anonymous_6)
FN:102,(anonymous_7)
FNF:8
FNH:8
FNDA:5,(anonymous_0)
FNDA:1,(anonymous_1)
FNDA:1,(anonymous_2)
FNDA:5,(anonymous_3)
FNDA:1,(anonymous_4)
FNDA:1,(anonymous_5)
FNDA:1,(anonymous_6)
FNDA:1,(anonymous_7)
DA:1,3
DA:2,3
DA:3,3
DA:7,5
DA:18,1
DA:19,1
DA:22,1
DA:23,0
DA:24,0
DA:27,1
DA:28,0
DA:29,0
DA:32,1
DA:33,0
DA:34,0
DA:37,1
DA:39,1
DA:40,1
DA:42,0
DA:45,1
DA:47,1
DA:53,5
DA:55,5
DA:57,5
DA:58,1
DA:61,4
DA:63,4
DA:65,4
DA:67,4
DA:71,1
DA:82,1
DA:88,1
DA:89,1
DA:93,1
DA:95,1
DA:96,0
DA:99,1
DA:103,1
DA:107,1
DA:108,1
DA:112,3
LF:41
LH:33
BRDA:22,0,0,0
BRDA:22,0,1,1
BRDA:27,1,0,0
BRDA:27,1,1,1
BRDA:32,2,0,0
BRDA:32,2,1,1
BRDA:39,3,0,1
BRDA:39,3,1,0
BRDA:57,4,0,1
BRDA:57,4,1,4
BRDA:95,5,0,0
BRDA:95,5,1,1
BRF:12
BRH:7
end_of_record
TN:
SF:..\models\user.js
FN:7,(anonymous_0)
FN:20,(anonymous_1)
FN:29,(anonymous_2)
FN:34,(anonymous_3)
FN:62,(anonymous_4)
FN:78,(anonymous_5)
FN:86,(anonymous_6)
FN:96,(anonymous_7)
FNF:8
FNH:8
FNDA:5,(anonymous_0)
FNDA:1,(anonymous_1)
FNDA:2,(anonymous_2)
FNDA:4,(anonymous_3)
FNDA:1,(anonymous_4)
FNDA:1,(anonymous_5)
FNDA:1,(anonymous_6)
FNDA:3,(anonymous_7)
DA:1,3
DA:2,3
DA:3,3
DA:4,3
DA:8,5
DA:21,1
DA:25,1
DA:26,0
DA:29,2
DA:35,4
DA:40,4
DA:42,4
DA:43,1
DA:46,3
DA:51,3
DA:56,3
DA:57,3
DA:59,3
DA:63,1
DA:65,1
DA:73,1
DA:79,1
DA:80,1
DA:81,1
DA:87,1
DA:89,1
DA:90,0
DA:93,1
DA:97,3
DA:104,3
DA:106,3
DA:107,3
DA:108,3
DA:109,3
DA:111,0
DA:114,0
DA:119,3
LF:37
LH:33
BRDA:12,0,0,5
BRDA:12,0,1,5
BRDA:13,1,0,5
BRDA:13,1,1,2
BRDA:14,2,0,5
BRDA:14,2,1,2
BRDA:15,3,0,5
BRDA:15,3,1,2
BRDA:25,4,0,0
BRDA:25,4,1,1
BRDA:42,5,0,1
BRDA:42,5,1,3
BRDA:89,6,0,0
BRDA:89,6,1,1
BRDA:106,7,0,3
BRDA:106,7,1,0
BRDA:108,8,0,3
BRDA:108,8,1,0
BRF:18
BRH:14
end_of_record
TN:
SF:..\routes\auth.js
FN:6,(anonymous_0)
FNF:1
FNH:1
FNDA:3,(anonymous_0)
DA:1,3
DA:2,3
DA:3,3
DA:4,3
DA:6,3
DA:7,3
DA:8,3
DA:9,3
DA:11,3
DA:13,0
DA:17,3
LF:11
LH:10
BRF:0
BRH:0
end_of_record
TN:
SF:..\routes\companies.js
FN:12,(anonymous_0)
FN:26,(anonymous_1)
FN:39,(anonymous_2)
FN:50,(anonymous_3)
FN:61,(anonymous_4)
FNF:5
FNH:5
FNDA:1,(anonymous_0)
FNDA:1,(anonymous_1)
FNDA:1,(anonymous_2)
FNDA:1,(anonymous_3)
FNDA:1,(anonymous_4)
DA:1,3
DA:3,3
DA:4,3
DA:5,3
DA:7,3
DA:8,3
DA:10,3
DA:12,3
DA:13,1
DA:14,1
DA:16,1
DA:17,0
DA:20,1
DA:22,0
DA:26,3
DA:27,1
DA:28,1
DA:30,1
DA:32,0
DA:33,0
DA:35,0
DA:39,3
DA:40,1
DA:43,1
DA:44,1
DA:46,0
DA:50,3
DA:51,1
DA:52,1
DA:53,1
DA:54,1
DA:55,1
DA:57,0
DA:61,3
DA:62,1
DA:63,1
DA:64,1
DA:65,1
DA:67,0
DA:71,3
LF:40
LH:32
BRDA:16,0,0,0
BRDA:16,0,1,1
BRDA:32,1,0,0
BRDA:32,1,1,0
BRF:4
BRH:1
end_of_record
TN:
SF:..\routes\jobs.js
FN:11,(anonymous_0)
FN:25,(anonymous_1)
FN:38,(anonymous_2)
FN:47,(anonymous_3)
FN:58,(anonymous_4)
FN:68,(anonymous_5)
FNF:6
FNH:6
FNDA:1,(anonymous_0)
FNDA:1,(anonymous_1)
FNDA:1,(anonymous_2)
FNDA:1,(anonymous_3)
FNDA:1,(anonymous_4)
FNDA:1,(anonymous_5)
DA:1,3
DA:3,3
DA:4,3
DA:5,3
DA:6,3
DA:7,3
DA:9,3
DA:11,3
DA:12,1
DA:13,1
DA:15,1
DA:16,0
DA:19,1
DA:21,0
DA:25,3
DA:26,1
DA:27,1
DA:29,1
DA:31,0
DA:32,0
DA:34,0
DA:38,3
DA:39,1
DA:40,1
DA:41,1
DA:43,0
DA:47,3
DA:48,1
DA:49,1
DA:50,1
DA:51,1
DA:52,1
DA:54,0
DA:58,3
DA:59,1
DA:60,1
DA:61,1
DA:62,1
DA:64,0
DA:68,3
DA:69,1
DA:70,1
DA:71,1
DA:72,1
DA:73,1
DA:75,1
DA:77,0
DA:78,0
DA:79,0
DA:81,0
DA:82,0
DA:89,0
DA:93,3
LF:53
LH:39
BRDA:15,0,0,0
BRDA:15,0,1,1
BRDA:31,1,0,0
BRDA:31,1,1,0
BRDA:78,2,0,0
BRDA:78,2,1,0
BRDA:81,3,0,0
BRDA:81,3,1,0
BRF:8
BRH:1
end_of_record
TN:
SF:..\routes\users.js
FN:14,(anonymous_0)
FN:33,(anonymous_1)
FN:51,(anonymous_2)
FN:60,(anonymous_3)
FN:74,(anonymous_4)
FNF:5
FNH:5
FNDA:1,(anonymous_0)
FNDA:1,(anonymous_1)
FNDA:1,(anonymous_2)
FNDA:1,(anonymous_3)
FNDA:1,(anonymous_4)
DA:1,3
DA:3,3
DA:4,3
DA:5,3
DA:6,3
DA:7,3
DA:8,3
DA:9,3
DA:10,3
DA:12,3
DA:14,3
DA:15,1
DA:16,1
DA:18,1
DA:19,0
DA:27,1
DA:29,0
DA:33,3
DA:34,1
DA:35,1
DA:36,1
DA:38,1
DA:40,0
DA:41,0
DA:42,0
DA:44,0
DA:47,0
DA:51,3
DA:52,1
DA:53,1
DA:54,1
DA:56,0
DA:60,3
DA:61,1
DA:62,1
DA:63,1
DA:64,0
DA:66,1
DA:67,1
DA:68,1
DA:70,0
DA:74,3
DA:75,1
DA:76,1
DA:77,1
DA:78,1
DA:80,0
DA:84,3
LF:48
LH:37
BRDA:18,0,0,0
BRDA:18,0,1,1
BRDA:40,1,0,0
BRDA:40,1,1,0
BRDA:41,2,0,0
BRDA:41,2,1,0
BRDA:63,3,0,0
BRDA:63,3,1,1
BRF:8
BRH:2
end_of_record
